# worker=main
# CUDA_VISIBLE_DEVICES=inherit
# command=/root/autodl-tmp/FGVC/.venv/bin/python3 /root/autodl-tmp/FGVC/main.py model=idefics3 dataset=general_custom method=rsev2 evaluator=pair dataset.name=sugarcrepe dataset.train_path=/root/autodl-tmp/FGVC/swap/paper/subsets/20260326_152111_c3_efficiency/seed_42/sugarcrepe/train_subset.jsonl dataset.val_path=/root/autodl-tmp/FGVC/swap/paper/subsets/20260326_152111_c3_efficiency/seed_42/sugarcrepe/val_subset.jsonl run.output_dir=/root/autodl-tmp/FGVC/swap/paper/outputs/20260326_152111_c3_efficiency run.run_name=c3_efficiency_sugarcrepe_seed42_rsev2_idefics3_20260326_152111 run.progress_bar=false run.save_predictions=false run.seed=42 method.params.progress_bar=false

Loading weights:   0%|          | 0/729 [00:00<?, ?it/s]Loading weights:   0%|          | 1/729 [00:00<01:34,  7.72it/s]Loading weights:   0%|          | 3/729 [00:00<01:14,  9.73it/s]Loading weights:   2%|▏         | 11/729 [00:00<00:41, 17.30it/s]Loading weights:   2%|▏         | 13/729 [00:01<01:07, 10.56it/s]Loading weights:  15%|█▍        | 106/729 [00:01<00:05, 106.77it/s]Loading weights:  20%|██        | 149/729 [00:01<00:03, 148.40it/s]Loading weights:  23%|██▎       | 170/729 [00:02<00:05, 102.49it/s]Loading weights:  28%|██▊       | 201/729 [00:02<00:04, 123.91it/s]Loading weights:  30%|███       | 222/729 [00:02<00:03, 135.12it/s]Loading weights:  33%|███▎      | 241/729 [00:02<00:04, 121.97it/s]Loading weights:  35%|███▌      | 257/729 [00:02<00:03, 124.59it/s]Loading weights:  37%|███▋      | 272/729 [00:02<00:03, 114.64it/s]Loading weights:  39%|███▉      | 286/729 [00:02<00:04, 100.65it/s]Loading weights:  62%|██████▏   | 455/729 [00:03<00:00, 404.32it/s]Loading weights:  87%|████████▋ | 632/729 [00:03<00:00, 696.99it/s]Loading weights: 100%|██████████| 729/729 [00:03<00:00, 228.09it/s]
Error executing job with overrides: ['model=idefics3', 'dataset=general_custom', 'method=rsev2', 'evaluator=pair', 'dataset.name=sugarcrepe', 'dataset.train_path=/root/autodl-tmp/FGVC/swap/paper/subsets/20260326_152111_c3_efficiency/seed_42/sugarcrepe/train_subset.jsonl', 'dataset.val_path=/root/autodl-tmp/FGVC/swap/paper/subsets/20260326_152111_c3_efficiency/seed_42/sugarcrepe/val_subset.jsonl', 'run.output_dir=/root/autodl-tmp/FGVC/swap/paper/outputs/20260326_152111_c3_efficiency', 'run.run_name=c3_efficiency_sugarcrepe_seed42_rsev2_idefics3_20260326_152111', 'run.progress_bar=false', 'run.save_predictions=false', 'run.seed=42', 'method.params.progress_bar=false']
Traceback (most recent call last):
  File "/root/autodl-tmp/FGVC/main.py", line 9, in main
    result = run_experiment(cfg)
             ^^^^^^^^^^^^^^^^^^^
  File "/root/autodl-tmp/FGVC/src/runner.py", line 150, in run_experiment
    method.fit(train_data)
  File "/root/autodl-tmp/FGVC/src/methods/rsev2.py", line 232, in fit
    feature_table = self._collect_feature_table(train_data, desc="RSEv2 fit features")
                    ^^^^^^^^^^^^^^^^^^^^^^^^^^^^^^^^^^^^^^^^^^^^^^^^^^^^^^^^^^^^^^^^^^
  File "/root/autodl-tmp/FGVC/src/methods/rse.py", line 322, in _collect_feature_table
    sample_features = self._extract_multilevel_features(item)
                      ^^^^^^^^^^^^^^^^^^^^^^^^^^^^^^^^^^^^^^^
  File "/root/autodl-tmp/FGVC/src/methods/rse.py", line 313, in _extract_multilevel_features
    "head": torch.stack(head_features, dim=0),
            ^^^^^^^^^^^^^^^^^^^^^^^^^^^^^^^^^
RuntimeError: stack expects each tensor to be equal size, but got [1152] at entry 0 and [4096] at entry 1

Set the environment variable HYDRA_FULL_ERROR=1 for a complete stack trace.
