# worker=main
# CUDA_VISIBLE_DEVICES=inherit
# command=/root/autodl-tmp/FGVC/.venv/bin/python3 /root/autodl-tmp/FGVC/main.py model=idefics3 dataset=general_custom method=sav evaluator=raw dataset.name=blink_semantic_correspondence dataset.train_path=/root/autodl-tmp/FGVC/swap/paper/subsets/20260326_152111_c3_efficiency/seed_42/blink_semantic_correspondence/train_subset.json dataset.val_path=/root/autodl-tmp/FGVC/swap/paper/subsets/20260326_152111_c3_efficiency/seed_42/blink_semantic_correspondence/val_subset.json run.output_dir=/root/autodl-tmp/FGVC/swap/paper/outputs/20260326_152111_c3_efficiency run.run_name=c3_efficiency_blink_semantic_correspondence_seed42_sav_idefics3_20260326_152111 run.progress_bar=false run.save_predictions=false run.seed=42 method.params.progress_bar=false

Loading weights:   0%|          | 0/729 [00:00<?, ?it/s]Loading weights:   0%|          | 1/729 [00:00<01:38,  7.36it/s]Loading weights:   0%|          | 3/729 [00:00<01:27,  8.30it/s]Loading weights:   1%|          | 5/729 [00:01<04:03,  2.98it/s]Loading weights:  17%|█▋        | 123/729 [00:02<00:08, 73.22it/s]Loading weights:  28%|██▊       | 203/729 [00:02<00:04, 128.91it/s]Loading weights:  32%|███▏      | 231/729 [00:02<00:04, 108.63it/s]Loading weights:  35%|███▍      | 252/729 [00:02<00:04, 114.70it/s]Loading weights:  37%|███▋      | 272/729 [00:03<00:04, 107.07it/s]Loading weights:  40%|███▉      | 288/729 [00:03<00:04, 100.83it/s]Loading weights:  56%|█████▋    | 411/729 [00:03<00:01, 257.39it/s]Loading weights:  82%|████████▏ | 601/729 [00:03<00:00, 529.01it/s]Loading weights: 100%|██████████| 729/729 [00:03<00:00, 204.13it/s]
Error executing job with overrides: ['model=idefics3', 'dataset=general_custom', 'method=sav', 'evaluator=raw', 'dataset.name=blink_semantic_correspondence', 'dataset.train_path=/root/autodl-tmp/FGVC/swap/paper/subsets/20260326_152111_c3_efficiency/seed_42/blink_semantic_correspondence/train_subset.json', 'dataset.val_path=/root/autodl-tmp/FGVC/swap/paper/subsets/20260326_152111_c3_efficiency/seed_42/blink_semantic_correspondence/val_subset.json', 'run.output_dir=/root/autodl-tmp/FGVC/swap/paper/outputs/20260326_152111_c3_efficiency', 'run.run_name=c3_efficiency_blink_semantic_correspondence_seed42_sav_idefics3_20260326_152111', 'run.progress_bar=false', 'run.save_predictions=false', 'run.seed=42', 'method.params.progress_bar=false']
Traceback (most recent call last):
  File "/root/autodl-tmp/FGVC/main.py", line 9, in main
    result = run_experiment(cfg)
             ^^^^^^^^^^^^^^^^^^^
  File "/root/autodl-tmp/FGVC/src/runner.py", line 150, in run_experiment
    method.fit(train_data)
  File "/root/autodl-tmp/FGVC/src/methods/sav.py", line 325, in fit
    all_class_acts, str_to_int, int_to_str = self._compute_class_activations(
                                             ^^^^^^^^^^^^^^^^^^^^^^^^^^^^^^^^
  File "/root/autodl-tmp/FGVC/src/methods/sav.py", line 159, in _compute_class_activations
    head_act = self._extract_selected_head_activations(item, selected_heads)
               ^^^^^^^^^^^^^^^^^^^^^^^^^^^^^^^^^^^^^^^^^^^^^^^^^^^^^^^^^^^^^
  File "/root/autodl-tmp/FGVC/src/methods/sav.py", line 142, in _extract_selected_head_activations
    all_head_acts = self._extract_all_head_activations(sample)
                    ^^^^^^^^^^^^^^^^^^^^^^^^^^^^^^^^^^^^^^^^^^
  File "/root/autodl-tmp/FGVC/src/methods/sav.py", line 135, in _extract_all_head_activations
    return torch.stack(layer_acts, dim=0)
           ^^^^^^^^^^^^^^^^^^^^^^^^^^^^^^
RuntimeError: stack expects each tensor to be equal size, but got [32, 36] at entry 0 and [32, 128] at entry 1

Set the environment variable HYDRA_FULL_ERROR=1 for a complete stack trace.
