# worker=main
# CUDA_VISIBLE_DEVICES=inherit
# command=/root/autodl-tmp/FGVC/.venv/bin/python3 /root/autodl-tmp/FGVC/main.py model=idefics3 dataset=general_custom method=rsev2 evaluator=raw dataset.name=pets dataset.train_path=/root/autodl-tmp/FGVC/swap/paper/subsets/20260327_020651_c4_cross_model/seed_42/pets_fgvc/train_subset.json dataset.val_path=/root/autodl-tmp/FGVC/swap/paper/subsets/20260327_020651_c4_cross_model/seed_42/pets_fgvc/val_subset.json run.output_dir=/root/autodl-tmp/FGVC/swap/paper/outputs/20260327_020651_c4_cross_model run.run_name=c4_cross_model_pets_fgvc_seed42_rsev2_idefics3_20260327_020651 run.progress_bar=false run.save_predictions=false run.seed=42 method.params.progress_bar=false

Loading weights:   0%|          | 0/729 [00:00<?, ?it/s]Loading weights:   0%|          | 1/729 [00:00<01:33,  7.76it/s]Loading weights:   0%|          | 2/729 [00:00<04:31,  2.68it/s]Loading weights:   0%|          | 3/729 [00:00<03:27,  3.51it/s]Loading weights:  10%|▉         | 72/729 [00:01<00:07, 89.76it/s]Loading weights:  16%|█▌        | 115/729 [00:01<00:04, 140.89it/s]Loading weights:  19%|█▊        | 135/729 [00:02<00:12, 47.98it/s] Loading weights:  39%|███▉      | 286/729 [00:02<00:02, 156.50it/s]Loading weights:  68%|██████▊   | 493/729 [00:02<00:00, 339.95it/s]Loading weights: 100%|██████████| 729/729 [00:02<00:00, 250.89it/s]
metrics:
  metric: raw_accuracy
  accuracy: 0.93
  correct: 93.0
  total: 100.0
  label_order:
  - beagle
  - Bombay
  - British Shorthair
  - chihuahua
  - english cocker spaniel
  - english setter
  - great pyrenees
  - japanese chin
  - keeshond
  - leonberger
  - Maine Coon
  - miniature pinscher
  - newfoundland
  - Ragdoll
  - scottish terrier
  - Siamese
  - Sphynx
  - staffordshire bull terrier
  - wheaten terrier
  - yorkshire terrier
  confusion_matrix:
    labels:
    - beagle
    - Bombay
    - British Shorthair
    - chihuahua
    - english cocker spaniel
    - english setter
    - great pyrenees
    - japanese chin
    - keeshond
    - leonberger
    - Maine Coon
    - miniature pinscher
    - newfoundland
    - Ragdoll
    - scottish terrier
    - Siamese
    - Sphynx
    - staffordshire bull terrier
    - wheaten terrier
    - yorkshire terrier
    matrix:
    - - 5
      - 0
      - 0
      - 0
      - 0
      - 0
      - 0
      - 0
      - 0
      - 0
      - 0
      - 0
      - 0
      - 0
      - 0
      - 0
      - 0
      - 0
      - 0
      - 0
    - - 0
      - 5
      - 0
      - 0
      - 0
      - 0
      - 0
      - 0
      - 0
      - 0
      - 0
      - 0
      - 0
      - 0
      - 0
      - 0
      - 0
      - 0
      - 0
      - 0
    - - 0
      - 0
      - 5
      - 0
      - 0
      - 0
      - 0
      - 0
      - 0
      - 0
      - 0
      - 0
      - 0
      - 0
      - 0
      - 0
      - 0
      - 0
      - 0
      - 0
    - - 0
      - 0
      - 0
      - 5
      - 0
      - 0
      - 0
      - 0
      - 0
      - 0
      - 0
      - 0
      - 0
      - 0
      - 0
      - 0
      - 0
      - 0
      - 0
      - 0
    - - 0
      - 0
      - 0
      - 0
      - 5
      - 0
      - 0
      - 0
      - 0
      - 0
      - 0
      - 0
      - 0
      - 0
      - 0
      - 0
      - 0
      - 0
      - 0
      - 0
    - - 0
      - 0
      - 0
      - 0
      - 1
      - 2
      - 0
      - 0
      - 0
      - 0
      - 0
      - 0
      - 0
      - 0
      - 1
      - 0
      - 0
      - 0
      - 1
      - 0
    - - 0
      - 0
      - 0
      - 0
      - 0
      - 0
      - 3
      - 1
      - 0
      - 0
      - 0
      - 0
      - 0
      - 0
      - 0
      - 0
      - 0
      - 0
      - 1
      - 0
    - - 0
      - 0
      - 0
      - 0
      - 0
      - 0
      - 0
      - 5
      - 0
      - 0
      - 0
      - 0
      - 0
      - 0
      - 0
      - 0
      - 0
      - 0
      - 0
      - 0
    - - 0
      - 0
      - 0
      - 0
      - 0
      - 0
      - 0
      - 0
      - 5
      - 0
      - 0
      - 0
      - 0
      - 0
      - 0
      - 0
      - 0
      - 0
      - 0
      - 0
    - - 0
      - 0
      - 0
      - 0
      - 0
      - 0
      - 1
      - 0
      - 0
      - 3
      - 0
      - 0
      - 0
      - 0
      - 1
      - 0
      - 0
      - 0
      - 0
      - 0
    - - 0
      - 0
      - 0
      - 0
      - 0
      - 0
      - 0
      - 0
      - 0
      - 0
      - 5
      - 0
      - 0
      - 0
      - 0
      - 0
      - 0
      - 0
      - 0
      - 0
    - - 0
      - 0
      - 0
      - 0
      - 0
      - 0
      - 0
      - 0
      - 0
      - 0
      - 0
      - 5
      - 0
      - 0
      - 0
      - 0
      - 0
      - 0
      - 0
      - 0
    - - 0
      - 0
      - 0
      - 0
      - 0
      - 0
      - 0
      - 0
      - 0
      - 0
      - 0
      - 0
      - 5
      - 0
      - 0
      - 0
      - 0
      - 0
      - 0
      - 0
    - - 0
      - 0
      - 0
      - 0
      - 0
      - 0
      - 0
      - 0
      - 0
      - 0
      - 0
      - 0
      - 0
      - 5
      - 0
      - 0
      - 0
      - 0
      - 0
      - 0
    - - 0
      - 0
      - 0
      - 0
      - 0
      - 0
      - 0
      - 0
      - 0
      - 0
      - 0
      - 0
      - 0
      - 0
      - 5
      - 0
      - 0
      - 0
      - 0
      - 0
    - - 0
      - 0
      - 0
      - 0
      - 0
      - 0
      - 0
      - 0
      - 0
      - 0
      - 0
      - 0
      - 0
      - 0
      - 0
      - 5
      - 0
      - 0
      - 0
      - 0
    - - 0
      - 0
      - 0
      - 0
      - 0
      - 0
      - 0
      - 0
      - 0
      - 0
      - 0
      - 0
      - 0
      - 0
      - 0
      - 0
      - 5
      - 0
      - 0
      - 0
    - - 0
      - 0
      - 0
      - 0
      - 0
      - 0
      - 0
      - 0
      - 0
      - 0
      - 0
      - 0
      - 0
      - 0
      - 0
      - 0
      - 0
      - 5
      - 0
      - 0
    - - 0
      - 0
      - 0
      - 0
      - 0
      - 0
      - 0
      - 0
      - 0
      - 0
      - 0
      - 0
      - 0
      - 0
      - 0
      - 0
      - 0
      - 0
      - 5
      - 0
    - - 0
      - 0
      - 0
      - 0
      - 0
      - 0
      - 0
      - 0
      - 0
      - 0
      - 0
      - 0
      - 0
      - 0
      - 0
      - 0
      - 0
      - 0
      - 0
      - 5
  per_class:
    beagle:
      precision: 1.0
      recall: 1.0
      f1: 1.0
      support: 5.0
      predicted: 5.0
      true_positive: 5.0
      false_positive: 0.0
      false_negative: 0.0
    Bombay:
      precision: 1.0
      recall: 1.0
      f1: 1.0
      support: 5.0
      predicted: 5.0
      true_positive: 5.0
      false_positive: 0.0
      false_negative: 0.0
    British Shorthair:
      precision: 1.0
      recall: 1.0
      f1: 1.0
      support: 5.0
      predicted: 5.0
      true_positive: 5.0
      false_positive: 0.0
      false_negative: 0.0
    chihuahua:
      precision: 1.0
      recall: 1.0
      f1: 1.0
      support: 5.0
      predicted: 5.0
      true_positive: 5.0
      false_positive: 0.0
      false_negative: 0.0
    english cocker spaniel:
      precision: 0.8333333333333334
      recall: 1.0
      f1: 0.9090909090909091
      support: 5.0
      predicted: 6.0
      true_positive: 5.0
      false_positive: 1.0
      false_negative: 0.0
    english setter:
      precision: 1.0
      recall: 0.4
      f1: 0.5714285714285715
      support: 5.0
      predicted: 2.0
      true_positive: 2.0
      false_positive: 0.0
      false_negative: 3.0
    great pyrenees:
      precision: 0.75
      recall: 0.6
      f1: 0.6666666666666665
      support: 5.0
      predicted: 4.0
      true_positive: 3.0
      false_positive: 1.0
      false_negative: 2.0
    japanese chin:
      precision: 0.8333333333333334
      recall: 1.0
      f1: 0.9090909090909091
      support: 5.0
      predicted: 6.0
      true_positive: 5.0
      false_positive: 1.0
      false_negative: 0.0
    keeshond:
      precision: 1.0
      recall: 1.0
      f1: 1.0
      support: 5.0
      predicted: 5.0
      true_positive: 5.0
      false_positive: 0.0
      false_negative: 0.0
    leonberger:
      precision: 1.0
      recall: 0.6
      f1: 0.7499999999999999
      support: 5.0
      predicted: 3.0
      true_positive: 3.0
      false_positive: 0.0
      false_negative: 2.0
    Maine Coon:
      precision: 1.0
      recall: 1.0
      f1: 1.0
      support: 5.0
      predicted: 5.0
      true_positive: 5.0
      false_positive: 0.0
      false_negative: 0.0
    miniature pinscher:
      precision: 1.0
      recall: 1.0
      f1: 1.0
      support: 5.0
      predicted: 5.0
      true_positive: 5.0
      false_positive: 0.0
      false_negative: 0.0
    newfoundland:
      precision: 1.0
      recall: 1.0
      f1: 1.0
      support: 5.0
      predicted: 5.0
      true_positive: 5.0
      false_positive: 0.0
      false_negative: 0.0
    Ragdoll:
      precision: 1.0
      recall: 1.0
      f1: 1.0
      support: 5.0
      predicted: 5.0
      true_positive: 5.0
      false_positive: 0.0
      false_negative: 0.0
    scottish terrier:
      precision: 0.7142857142857143
      recall: 1.0
      f1: 0.8333333333333333
      support: 5.0
      predicted: 7.0
      true_positive: 5.0
      false_positive: 2.0
      false_negative: 0.0
    Siamese:
      precision: 1.0
      recall: 1.0
      f1: 1.0
      support: 5.0
      predicted: 5.0
      true_positive: 5.0
      false_positive: 0.0
      false_negative: 0.0
    Sphynx:
      precision: 1.0
      recall: 1.0
      f1: 1.0
      support: 5.0
      predicted: 5.0
      true_positive: 5.0
      false_positive: 0.0
      false_negative: 0.0
    staffordshire bull terrier:
      precision: 1.0
      recall: 1.0
      f1: 1.0
      support: 5.0
      predicted: 5.0
      true_positive: 5.0
      false_positive: 0.0
      false_negative: 0.0
    wheaten terrier:
      precision: 0.7142857142857143
      recall: 1.0
      f1: 0.8333333333333333
      support: 5.0
      predicted: 7.0
      true_positive: 5.0
      false_positive: 2.0
      false_negative: 0.0
    yorkshire terrier:
      precision: 1.0
      recall: 1.0
      f1: 1.0
      support: 5.0
      predicted: 5.0
      true_positive: 5.0
      false_positive: 0.0
      false_negative: 0.0
  macro_precision: 0.9422619047619047
  macro_recall: 0.93
  macro_f1: 0.9236471861471861
  balanced_accuracy: 0.93
saved:
  metrics: /root/autodl-tmp/FGVC/swap/paper/outputs/20260327_020651_c4_cross_model/c4_cross_model_pets_fgvc_seed42_rsev2_idefics3_20260327_020651.metrics.json
  predictions: /root/autodl-tmp/FGVC/swap/paper/outputs/20260327_020651_c4_cross_model/c4_cross_model_pets_fgvc_seed42_rsev2_idefics3_20260327_020651.predictions.jsonl
  diagnostics: /root/autodl-tmp/FGVC/swap/paper/outputs/20260327_020651_c4_cross_model/c4_cross_model_pets_fgvc_seed42_rsev2_idefics3_20260327_020651.diagnostics.json

