# worker=main
# CUDA_VISIBLE_DEVICES=inherit
# command=/root/autodl-tmp/FGVC/.venv/bin/python3 /root/autodl-tmp/FGVC/main.py model=idefics3 dataset=general_custom method=rsev2 evaluator=raw dataset.name=eurosat dataset.train_path=/root/autodl-tmp/FGVC/swap/paper/subsets/20260327_020651_c4_cross_model/seed_42/eurosat_fgvc/train_subset.json dataset.val_path=/root/autodl-tmp/FGVC/swap/paper/subsets/20260327_020651_c4_cross_model/seed_42/eurosat_fgvc/val_subset.json run.output_dir=/root/autodl-tmp/FGVC/swap/paper/outputs/20260327_020651_c4_cross_model run.run_name=c4_cross_model_eurosat_fgvc_seed42_rsev2_idefics3_20260327_020651 run.progress_bar=false run.save_predictions=false run.seed=42 method.params.progress_bar=false

Loading weights:   0%|          | 0/729 [00:00<?, ?it/s]Loading weights:   0%|          | 1/729 [00:00<01:33,  7.79it/s]Loading weights:   0%|          | 3/729 [00:01<05:46,  2.10it/s]Loading weights:  18%|█▊        | 133/729 [00:01<00:04, 129.63it/s]Loading weights:  25%|██▌       | 185/729 [00:02<00:07, 70.44it/s] Loading weights:  86%|████████▌ | 625/729 [00:02<00:00, 352.58it/s]Loading weights: 100%|██████████| 729/729 [00:02<00:00, 250.19it/s]
metrics:
  metric: raw_accuracy
  accuracy: 0.84
  correct: 84.0
  total: 100.0
  label_order:
  - Annual Crop Land
  - Forest
  - Herbaceous Vegetation Land
  - Highway or Road
  - Industrial Buildings
  - Pasture Land
  - Permanent Crop Land
  - Residential Buildings
  - River
  - Sea or Lake
  confusion_matrix:
    labels:
    - Annual Crop Land
    - Forest
    - Herbaceous Vegetation Land
    - Highway or Road
    - Industrial Buildings
    - Pasture Land
    - Permanent Crop Land
    - Residential Buildings
    - River
    - Sea or Lake
    matrix:
    - - 6
      - 1
      - 0
      - 1
      - 1
      - 0
      - 1
      - 0
      - 0
      - 0
    - - 0
      - 8
      - 0
      - 0
      - 0
      - 1
      - 0
      - 0
      - 0
      - 1
    - - 0
      - 1
      - 7
      - 0
      - 0
      - 0
      - 2
      - 0
      - 0
      - 0
    - - 0
      - 0
      - 0
      - 9
      - 0
      - 0
      - 0
      - 0
      - 1
      - 0
    - - 0
      - 0
      - 0
      - 0
      - 10
      - 0
      - 0
      - 0
      - 0
      - 0
    - - 0
      - 0
      - 0
      - 0
      - 0
      - 10
      - 0
      - 0
      - 0
      - 0
    - - 0
      - 0
      - 0
      - 1
      - 0
      - 2
      - 7
      - 0
      - 0
      - 0
    - - 0
      - 0
      - 0
      - 0
      - 0
      - 0
      - 0
      - 10
      - 0
      - 0
    - - 0
      - 0
      - 2
      - 1
      - 0
      - 0
      - 0
      - 0
      - 7
      - 0
    - - 0
      - 0
      - 0
      - 0
      - 0
      - 0
      - 0
      - 0
      - 0
      - 10
  per_class:
    Annual Crop Land:
      precision: 1.0
      recall: 0.6
      f1: 0.7499999999999999
      support: 10.0
      predicted: 6.0
      true_positive: 6.0
      false_positive: 0.0
      false_negative: 4.0
    Forest:
      precision: 0.8
      recall: 0.8
      f1: 0.8000000000000002
      support: 10.0
      predicted: 10.0
      true_positive: 8.0
      false_positive: 2.0
      false_negative: 2.0
    Herbaceous Vegetation Land:
      precision: 0.7777777777777778
      recall: 0.7
      f1: 0.7368421052631577
      support: 10.0
      predicted: 9.0
      true_positive: 7.0
      false_positive: 2.0
      false_negative: 3.0
    Highway or Road:
      precision: 0.75
      recall: 0.9
      f1: 0.8181818181818182
      support: 10.0
      predicted: 12.0
      true_positive: 9.0
      false_positive: 3.0
      false_negative: 1.0
    Industrial Buildings:
      precision: 0.9090909090909091
      recall: 1.0
      f1: 0.9523809523809523
      support: 10.0
      predicted: 11.0
      true_positive: 10.0
      false_positive: 1.0
      false_negative: 0.0
    Pasture Land:
      precision: 0.7692307692307693
      recall: 1.0
      f1: 0.8695652173913044
      support: 10.0
      predicted: 13.0
      true_positive: 10.0
      false_positive: 3.0
      false_negative: 0.0
    Permanent Crop Land:
      precision: 0.7
      recall: 0.7
      f1: 0.7
      support: 10.0
      predicted: 10.0
      true_positive: 7.0
      false_positive: 3.0
      false_negative: 3.0
    Residential Buildings:
      precision: 1.0
      recall: 1.0
      f1: 1.0
      support: 10.0
      predicted: 10.0
      true_positive: 10.0
      false_positive: 0.0
      false_negative: 0.0
    River:
      precision: 0.875
      recall: 0.7
      f1: 0.7777777777777777
      support: 10.0
      predicted: 8.0
      true_positive: 7.0
      false_positive: 1.0
      false_negative: 3.0
    Sea or Lake:
      precision: 0.9090909090909091
      recall: 1.0
      f1: 0.9523809523809523
      support: 10.0
      predicted: 11.0
      true_positive: 10.0
      false_positive: 1.0
      false_negative: 0.0
  macro_precision: 0.8490190365190365
  macro_recall: 0.8400000000000001
  macro_f1: 0.8357128823375962
  balanced_accuracy: 0.8400000000000001
saved:
  metrics: /root/autodl-tmp/FGVC/swap/paper/outputs/20260327_020651_c4_cross_model/c4_cross_model_eurosat_fgvc_seed42_rsev2_idefics3_20260327_020651.metrics.json
  predictions: /root/autodl-tmp/FGVC/swap/paper/outputs/20260327_020651_c4_cross_model/c4_cross_model_eurosat_fgvc_seed42_rsev2_idefics3_20260327_020651.predictions.jsonl
  diagnostics: /root/autodl-tmp/FGVC/swap/paper/outputs/20260327_020651_c4_cross_model/c4_cross_model_eurosat_fgvc_seed42_rsev2_idefics3_20260327_020651.diagnostics.json

