# worker=main
# CUDA_VISIBLE_DEVICES=inherit
# command=/root/autodl-tmp/FGVC/.venv/bin/python3 /root/autodl-tmp/FGVC/main.py model=idefics3 dataset=general_custom method=zero_shot evaluator=pair dataset.name=sugarcrepe dataset.train_path=/root/autodl-tmp/FGVC/swap/paper/subsets/20260327_020651_c4_cross_model/seed_42/sugarcrepe/train_subset.jsonl dataset.val_path=/root/autodl-tmp/FGVC/swap/paper/subsets/20260327_020651_c4_cross_model/seed_42/sugarcrepe/val_subset.jsonl run.output_dir=/root/autodl-tmp/FGVC/swap/paper/outputs/20260327_020651_c4_cross_model run.run_name=c4_cross_model_sugarcrepe_seed42_zero_shot_idefics3_20260327_020651 run.progress_bar=false run.save_predictions=false run.seed=42

Loading weights:   0%|          | 0/729 [00:00<?, ?it/s]Loading weights:   0%|          | 1/729 [00:00<01:35,  7.65it/s]Loading weights:   0%|          | 3/729 [00:00<01:15,  9.63it/s]Loading weights:   1%|          | 8/729 [00:00<01:01, 11.68it/s]Loading weights:   1%|▏         | 10/729 [00:00<01:00, 11.86it/s]Loading weights:   9%|▉         | 69/729 [00:01<00:06, 104.36it/s]Loading weights:  13%|█▎        | 96/729 [00:01<00:11, 54.33it/s] Loading weights:  14%|█▍        | 105/729 [00:02<00:18, 33.46it/s]Loading weights:  73%|███████▎  | 530/729 [00:02<00:00, 348.55it/s]Loading weights: 100%|██████████| 729/729 [00:02<00:00, 243.88it/s]
The following generation flags are not valid and may be ignored: ['temperature']. Set `TRANSFORMERS_VERBOSITY=info` for more details.
metrics:
  metric: pair_accuracy
  pair_accuracy: 0.55
  pair_correct: 11.0
  pair_total: 20.0
  raw_accuracy: 0.775
  label_order:
  - 'Yes'
  - 'No'
  confusion_matrix:
    labels:
    - 'Yes'
    - 'No'
    matrix:
    - - 18
      - 2
    - - 7
      - 13
  per_class:
    'Yes':
      precision: 0.72
      recall: 0.9
      f1: 0.7999999999999999
      support: 20.0
      predicted: 25.0
      true_positive: 18.0
      false_positive: 7.0
      false_negative: 2.0
    'No':
      precision: 0.8666666666666667
      recall: 0.65
      f1: 0.7428571428571429
      support: 20.0
      predicted: 15.0
      true_positive: 13.0
      false_positive: 2.0
      false_negative: 7.0
  macro_precision: 0.7933333333333333
  macro_recall: 0.775
  macro_f1: 0.7714285714285714
  balanced_accuracy: 0.775
saved:
  metrics: /root/autodl-tmp/FGVC/swap/paper/outputs/20260327_020651_c4_cross_model/c4_cross_model_sugarcrepe_seed42_zero_shot_idefics3_20260327_020651.metrics.json
  predictions: /root/autodl-tmp/FGVC/swap/paper/outputs/20260327_020651_c4_cross_model/c4_cross_model_sugarcrepe_seed42_zero_shot_idefics3_20260327_020651.predictions.jsonl
  diagnostics: /root/autodl-tmp/FGVC/swap/paper/outputs/20260327_020651_c4_cross_model/c4_cross_model_sugarcrepe_seed42_zero_shot_idefics3_20260327_020651.diagnostics.json

