# worker=main
# CUDA_VISIBLE_DEVICES=inherit
# command=/root/autodl-tmp/FGVC/.venv/bin/python3 /root/autodl-tmp/FGVC/main.py model=idefics3 dataset=general_custom method=zero_shot evaluator=raw dataset.name=blink_semantic_correspondence dataset.train_path=/root/autodl-tmp/FGVC/swap/paper/subsets/20260327_020651_c4_cross_model/seed_42/blink_semantic_correspondence/train_subset.json dataset.val_path=/root/autodl-tmp/FGVC/swap/paper/subsets/20260327_020651_c4_cross_model/seed_42/blink_semantic_correspondence/val_subset.json run.output_dir=/root/autodl-tmp/FGVC/swap/paper/outputs/20260327_020651_c4_cross_model run.run_name=c4_cross_model_blink_semantic_correspondence_seed42_zero_shot_idefics3_20260327_020651 run.progress_bar=false run.save_predictions=false run.seed=42

Loading weights:   0%|          | 0/729 [00:00<?, ?it/s]Loading weights:   0%|          | 1/729 [00:00<01:34,  7.68it/s]Loading weights:   0%|          | 3/729 [00:00<01:15,  9.61it/s]Loading weights:   1%|          | 5/729 [00:00<01:32,  7.86it/s]Loading weights:   5%|▌         | 39/729 [00:00<00:09, 74.90it/s]Loading weights:   7%|▋         | 49/729 [00:00<00:09, 68.18it/s]Loading weights:  11%|█         | 81/729 [00:01<00:05, 112.21it/s]Loading weights:  13%|█▎        | 96/729 [00:01<00:06, 91.90it/s] Loading weights:  17%|█▋        | 123/729 [00:01<00:05, 104.16it/s]Loading weights:  21%|██        | 150/729 [00:02<00:13, 43.26it/s] Loading weights:  63%|██████▎   | 461/729 [00:02<00:00, 283.00it/s]Loading weights: 100%|██████████| 729/729 [00:02<00:00, 245.13it/s]
The following generation flags are not valid and may be ignored: ['temperature']. Set `TRANSFORMERS_VERBOSITY=info` for more details.
metrics:
  metric: raw_accuracy
  accuracy: 0.0
  correct: 0.0
  total: 20.0
  label_order:
  - (C)
  - (B)
  - (A)
  - (D)
  - D.
  - 'Answer: A'
  - 'Answer: D'
  - 'Answer: B'
  - Answer:A
  - 'Answer: C'
  - Answer:B
  confusion_matrix:
    labels:
    - (C)
    - (B)
    - (A)
    - (D)
    - D.
    - 'Answer: A'
    - 'Answer: D'
    - 'Answer: B'
    - Answer:A
    - 'Answer: C'
    - Answer:B
    matrix:
    - - 0
      - 0
      - 0
      - 0
      - 1
      - 0
      - 0
      - 1
      - 1
      - 0
      - 2
    - - 0
      - 0
      - 0
      - 0
      - 0
      - 1
      - 1
      - 1
      - 1
      - 1
      - 0
    - - 0
      - 0
      - 0
      - 0
      - 0
      - 3
      - 0
      - 0
      - 2
      - 0
      - 0
    - - 0
      - 0
      - 0
      - 0
      - 0
      - 0
      - 3
      - 1
      - 0
      - 1
      - 0
    - - 0
      - 0
      - 0
      - 0
      - 0
      - 0
      - 0
      - 0
      - 0
      - 0
      - 0
    - - 0
      - 0
      - 0
      - 0
      - 0
      - 0
      - 0
      - 0
      - 0
      - 0
      - 0
    - - 0
      - 0
      - 0
      - 0
      - 0
      - 0
      - 0
      - 0
      - 0
      - 0
      - 0
    - - 0
      - 0
      - 0
      - 0
      - 0
      - 0
      - 0
      - 0
      - 0
      - 0
      - 0
    - - 0
      - 0
      - 0
      - 0
      - 0
      - 0
      - 0
      - 0
      - 0
      - 0
      - 0
    - - 0
      - 0
      - 0
      - 0
      - 0
      - 0
      - 0
      - 0
      - 0
      - 0
      - 0
    - - 0
      - 0
      - 0
      - 0
      - 0
      - 0
      - 0
      - 0
      - 0
      - 0
      - 0
  per_class:
    (C):
      precision: 0.0
      recall: 0.0
      f1: 0.0
      support: 5.0
      predicted: 0.0
      true_positive: 0.0
      false_positive: 0.0
      false_negative: 5.0
    (B):
      precision: 0.0
      recall: 0.0
      f1: 0.0
      support: 5.0
      predicted: 0.0
      true_positive: 0.0
      false_positive: 0.0
      false_negative: 5.0
    (A):
      precision: 0.0
      recall: 0.0
      f1: 0.0
      support: 5.0
      predicted: 0.0
      true_positive: 0.0
      false_positive: 0.0
      false_negative: 5.0
    (D):
      precision: 0.0
      recall: 0.0
      f1: 0.0
      support: 5.0
      predicted: 0.0
      true_positive: 0.0
      false_positive: 0.0
      false_negative: 5.0
    D.:
      precision: 0.0
      recall: 0.0
      f1: 0.0
      support: 0.0
      predicted: 1.0
      true_positive: 0.0
      false_positive: 1.0
      false_negative: 0.0
    'Answer: A':
      precision: 0.0
      recall: 0.0
      f1: 0.0
      support: 0.0
      predicted: 4.0
      true_positive: 0.0
      false_positive: 4.0
      false_negative: 0.0
    'Answer: D':
      precision: 0.0
      recall: 0.0
      f1: 0.0
      support: 0.0
      predicted: 4.0
      true_positive: 0.0
      false_positive: 4.0
      false_negative: 0.0
    'Answer: B':
      precision: 0.0
      recall: 0.0
      f1: 0.0
      support: 0.0
      predicted: 3.0
      true_positive: 0.0
      false_positive: 3.0
      false_negative: 0.0
    Answer:A:
      precision: 0.0
      recall: 0.0
      f1: 0.0
      support: 0.0
      predicted: 4.0
      true_positive: 0.0
      false_positive: 4.0
      false_negative: 0.0
    'Answer: C':
      precision: 0.0
      recall: 0.0
      f1: 0.0
      support: 0.0
      predicted: 2.0
      true_positive: 0.0
      false_positive: 2.0
      false_negative: 0.0
    Answer:B:
      precision: 0.0
      recall: 0.0
      f1: 0.0
      support: 0.0
      predicted: 2.0
      true_positive: 0.0
      false_positive: 2.0
      false_negative: 0.0
  macro_precision: 0.0
  macro_recall: 0.0
  macro_f1: 0.0
  balanced_accuracy: 0.0
saved:
  metrics: /root/autodl-tmp/FGVC/swap/paper/outputs/20260327_020651_c4_cross_model/c4_cross_model_blink_semantic_correspondence_seed42_zero_shot_idefics3_20260327_020651.metrics.json
  predictions: /root/autodl-tmp/FGVC/swap/paper/outputs/20260327_020651_c4_cross_model/c4_cross_model_blink_semantic_correspondence_seed42_zero_shot_idefics3_20260327_020651.predictions.jsonl
  diagnostics: /root/autodl-tmp/FGVC/swap/paper/outputs/20260327_020651_c4_cross_model/c4_cross_model_blink_semantic_correspondence_seed42_zero_shot_idefics3_20260327_020651.diagnostics.json

