# worker=main
# CUDA_VISIBLE_DEVICES=inherit
# command=/root/autodl-tmp/FGVC/.venv/bin/python3 /root/autodl-tmp/FGVC/main.py model=idefics3 dataset=general_custom method=sav evaluator=pair dataset.name=sugarcrepe dataset.train_path=/root/autodl-tmp/FGVC/swap/paper/subsets/20260327_020651_c4_cross_model/seed_42/sugarcrepe/train_subset.jsonl dataset.val_path=/root/autodl-tmp/FGVC/swap/paper/subsets/20260327_020651_c4_cross_model/seed_42/sugarcrepe/val_subset.jsonl run.output_dir=/root/autodl-tmp/FGVC/swap/paper/outputs/20260327_020651_c4_cross_model run.run_name=c4_cross_model_sugarcrepe_seed42_sav_idefics3_20260327_020651 run.progress_bar=false run.save_predictions=false run.seed=42 method.params.progress_bar=false

Loading weights:   0%|          | 0/729 [00:00<?, ?it/s]Loading weights:   0%|          | 1/729 [00:00<01:33,  7.78it/s]Loading weights:   0%|          | 3/729 [00:00<01:15,  9.62it/s]Loading weights:   2%|▏         | 14/729 [00:00<00:17, 40.80it/s]Loading weights:   3%|▎         | 19/729 [00:01<01:21,  8.71it/s]Loading weights:  26%|██▌       | 187/729 [00:02<00:04, 126.89it/s]Loading weights:  30%|██▉       | 218/729 [00:02<00:05, 96.66it/s] Loading weights:  78%|███████▊  | 571/729 [00:02<00:00, 376.64it/s]Loading weights: 100%|██████████| 729/729 [00:02<00:00, 252.75it/s]
metrics:
  metric: pair_accuracy
  pair_accuracy: 0.2
  pair_correct: 4.0
  pair_total: 20.0
  raw_accuracy: 0.6
  label_order:
  - 'Yes'
  - 'No'
  confusion_matrix:
    labels:
    - 'Yes'
    - 'No'
    matrix:
    - - 12
      - 8
    - - 8
      - 12
  per_class:
    'Yes':
      precision: 0.6
      recall: 0.6
      f1: 0.6
      support: 20.0
      predicted: 20.0
      true_positive: 12.0
      false_positive: 8.0
      false_negative: 8.0
    'No':
      precision: 0.6
      recall: 0.6
      f1: 0.6
      support: 20.0
      predicted: 20.0
      true_positive: 12.0
      false_positive: 8.0
      false_negative: 8.0
  macro_precision: 0.6
  macro_recall: 0.6
  macro_f1: 0.6
  balanced_accuracy: 0.6
saved:
  metrics: /root/autodl-tmp/FGVC/swap/paper/outputs/20260327_020651_c4_cross_model/c4_cross_model_sugarcrepe_seed42_sav_idefics3_20260327_020651.metrics.json
  predictions: /root/autodl-tmp/FGVC/swap/paper/outputs/20260327_020651_c4_cross_model/c4_cross_model_sugarcrepe_seed42_sav_idefics3_20260327_020651.predictions.jsonl
  diagnostics: /root/autodl-tmp/FGVC/swap/paper/outputs/20260327_020651_c4_cross_model/c4_cross_model_sugarcrepe_seed42_sav_idefics3_20260327_020651.diagnostics.json

