# worker=main
# CUDA_VISIBLE_DEVICES=inherit
# command=/root/autodl-tmp/FGVC/.venv/bin/python3 /root/autodl-tmp/FGVC/main.py model=idefics3 dataset=general_custom method=zero_shot evaluator=raw dataset.name=cub dataset.train_path=/root/autodl-tmp/FGVC/swap/paper/subsets/20260327_020651_c4_cross_model/seed_42/cub_fgvc/train_subset.json dataset.val_path=/root/autodl-tmp/FGVC/swap/paper/subsets/20260327_020651_c4_cross_model/seed_42/cub_fgvc/val_subset.json run.output_dir=/root/autodl-tmp/FGVC/swap/paper/outputs/20260327_020651_c4_cross_model run.run_name=c4_cross_model_cub_fgvc_seed42_zero_shot_idefics3_20260327_020651 run.progress_bar=false run.save_predictions=false run.seed=42

Loading weights:   0%|          | 0/729 [00:00<?, ?it/s]Loading weights:   0%|          | 1/729 [00:00<01:33,  7.82it/s]Loading weights:   0%|          | 3/729 [00:00<01:14,  9.73it/s]Loading weights:   1%|          | 7/729 [00:00<00:39, 18.12it/s]Loading weights:   1%|          | 9/729 [00:00<01:10, 10.25it/s]Loading weights:   9%|▉         | 64/729 [00:01<00:11, 59.97it/s]Loading weights:  18%|█▊        | 134/729 [00:02<00:08, 71.53it/s]Loading weights:  33%|███▎      | 244/729 [00:02<00:03, 156.85it/s]Loading weights:  39%|███▊      | 282/729 [00:02<00:03, 134.67it/s]Loading weights:  79%|███████▉  | 575/729 [00:02<00:00, 419.02it/s]Loading weights: 100%|██████████| 729/729 [00:02<00:00, 248.26it/s]
The following generation flags are not valid and may be ignored: ['temperature']. Set `TRANSFORMERS_VERBOSITY=info` for more details.
metrics:
  metric: raw_accuracy
  accuracy: 0.25
  correct: 25.0
  total: 100.0
  label_order:
  - American Crow
  - Baltimore Oriole
  - Bank Swallow
  - Bewick Wren
  - Black throated Sparrow
  - Cedar Waxwing
  - Chipping Sparrow
  - Chuck will Widow
  - Common Tern
  - Frigatebird
  - Golden winged Warbler
  - Herring Gull
  - Ivory Gull
  - Pied Kingfisher
  - Pileated Woodpecker
  - Purple Finch
  - Rock Wren
  - Scott Oriole
  - Summer Tanager
  - Western Meadowlark
  - 'Answer: A'
  - 'Answer: C'
  - 'Answer: B'
  - 'Answer: D'
  - C. Western Wood Pewee
  - B. Cape Glossy Starling.
  - D. Western Gull.
  - B
  - Answer:C
  - C. Prothonotary Warbler.
  confusion_matrix:
    labels:
    - American Crow
    - Baltimore Oriole
    - Bank Swallow
    - Bewick Wren
    - Black throated Sparrow
    - Cedar Waxwing
    - Chipping Sparrow
    - Chuck will Widow
    - Common Tern
    - Frigatebird
    - Golden winged Warbler
    - Herring Gull
    - Ivory Gull
    - Pied Kingfisher
    - Pileated Woodpecker
    - Purple Finch
    - Rock Wren
    - Scott Oriole
    - Summer Tanager
    - Western Meadowlark
    - 'Answer: A'
    - 'Answer: C'
    - 'Answer: B'
    - 'Answer: D'
    - C. Western Wood Pewee
    - B. Cape Glossy Starling.
    - D. Western Gull.
    - B
    - Answer:C
    - C. Prothonotary Warbler.
    matrix:
    - - 3
      - 0
      - 0
      - 0
      - 0
      - 0
      - 0
      - 0
      - 0
      - 0
      - 0
      - 0
      - 0
      - 0
      - 0
      - 0
      - 0
      - 0
      - 0
      - 0
      - 1
      - 1
      - 0
      - 0
      - 0
      - 0
      - 0
      - 0
      - 0
      - 0
    - - 0
      - 3
      - 0
      - 0
      - 0
      - 0
      - 0
      - 0
      - 0
      - 0
      - 0
      - 0
      - 0
      - 0
      - 0
      - 0
      - 0
      - 0
      - 0
      - 0
      - 2
      - 0
      - 0
      - 0
      - 0
      - 0
      - 0
      - 0
      - 0
      - 0
    - - 0
      - 0
      - 0
      - 0
      - 0
      - 0
      - 0
      - 0
      - 0
      - 0
      - 0
      - 0
      - 0
      - 0
      - 0
      - 0
      - 0
      - 0
      - 0
      - 0
      - 1
      - 2
      - 2
      - 0
      - 0
      - 0
      - 0
      - 0
      - 0
      - 0
    - - 0
      - 0
      - 0
      - 1
      - 1
      - 0
      - 0
      - 0
      - 0
      - 0
      - 0
      - 0
      - 0
      - 0
      - 0
      - 0
      - 0
      - 0
      - 0
      - 0
      - 0
      - 0
      - 1
      - 1
      - 1
      - 0
      - 0
      - 0
      - 0
      - 0
    - - 0
      - 0
      - 0
      - 0
      - 1
      - 0
      - 0
      - 0
      - 0
      - 0
      - 0
      - 0
      - 0
      - 0
      - 0
      - 0
      - 0
      - 0
      - 0
      - 0
      - 0
      - 0
      - 1
      - 2
      - 0
      - 1
      - 0
      - 0
      - 0
      - 0
    - - 0
      - 0
      - 0
      - 0
      - 0
      - 2
      - 0
      - 0
      - 0
      - 0
      - 0
      - 0
      - 0
      - 0
      - 0
      - 0
      - 0
      - 0
      - 0
      - 0
      - 0
      - 2
      - 0
      - 1
      - 0
      - 0
      - 0
      - 0
      - 0
      - 0
    - - 0
      - 0
      - 0
      - 0
      - 0
      - 0
      - 0
      - 0
      - 0
      - 0
      - 0
      - 0
      - 0
      - 0
      - 0
      - 0
      - 0
      - 0
      - 0
      - 0
      - 3
      - 2
      - 0
      - 0
      - 0
      - 0
      - 0
      - 0
      - 0
      - 0
    - - 0
      - 0
      - 0
      - 0
      - 0
      - 0
      - 0
      - 1
      - 0
      - 0
      - 0
      - 0
      - 0
      - 0
      - 0
      - 0
      - 0
      - 0
      - 0
      - 0
      - 1
      - 1
      - 2
      - 0
      - 0
      - 0
      - 0
      - 0
      - 0
      - 0
    - - 0
      - 0
      - 0
      - 0
      - 0
      - 0
      - 0
      - 0
      - 1
      - 0
      - 0
      - 0
      - 0
      - 0
      - 0
      - 0
      - 0
      - 0
      - 0
      - 0
      - 1
      - 0
      - 3
      - 0
      - 0
      - 0
      - 0
      - 0
      - 0
      - 0
    - - 0
      - 0
      - 0
      - 0
      - 0
      - 0
      - 0
      - 0
      - 0
      - 5
      - 0
      - 0
      - 0
      - 0
      - 0
      - 0
      - 0
      - 0
      - 0
      - 0
      - 0
      - 0
      - 0
      - 0
      - 0
      - 0
      - 0
      - 0
      - 0
      - 0
    - - 0
      - 0
      - 0
      - 0
      - 0
      - 0
      - 0
      - 0
      - 0
      - 0
      - 0
      - 0
      - 0
      - 0
      - 0
      - 0
      - 0
      - 0
      - 0
      - 0
      - 1
      - 0
      - 2
      - 2
      - 0
      - 0
      - 0
      - 0
      - 0
      - 0
    - - 0
      - 0
      - 0
      - 0
      - 0
      - 0
      - 0
      - 0
      - 0
      - 0
      - 0
      - 0
      - 0
      - 0
      - 0
      - 0
      - 0
      - 0
      - 0
      - 0
      - 1
      - 1
      - 3
      - 0
      - 0
      - 0
      - 0
      - 0
      - 0
      - 0
    - - 0
      - 0
      - 0
      - 0
      - 0
      - 0
      - 0
      - 0
      - 0
      - 0
      - 0
      - 0
      - 2
      - 0
      - 0
      - 0
      - 0
      - 0
      - 0
      - 0
      - 1
      - 0
      - 1
      - 0
      - 0
      - 0
      - 1
      - 0
      - 0
      - 0
    - - 0
      - 0
      - 0
      - 0
      - 0
      - 0
      - 0
      - 0
      - 0
      - 0
      - 0
      - 0
      - 0
      - 3
      - 0
      - 0
      - 0
      - 0
      - 0
      - 0
      - 0
      - 0
      - 0
      - 1
      - 0
      - 0
      - 0
      - 1
      - 0
      - 0
    - - 0
      - 0
      - 0
      - 0
      - 0
      - 0
      - 0
      - 0
      - 0
      - 0
      - 0
      - 0
      - 0
      - 0
      - 1
      - 0
      - 0
      - 0
      - 0
      - 0
      - 1
      - 0
      - 3
      - 0
      - 0
      - 0
      - 0
      - 0
      - 0
      - 0
    - - 0
      - 0
      - 0
      - 0
      - 0
      - 0
      - 0
      - 0
      - 0
      - 0
      - 0
      - 0
      - 0
      - 0
      - 0
      - 1
      - 0
      - 0
      - 0
      - 0
      - 0
      - 0
      - 0
      - 3
      - 0
      - 0
      - 0
      - 0
      - 1
      - 0
    - - 0
      - 0
      - 0
      - 0
      - 0
      - 0
      - 0
      - 0
      - 0
      - 0
      - 0
      - 0
      - 0
      - 0
      - 0
      - 0
      - 0
      - 0
      - 0
      - 0
      - 2
      - 1
      - 1
      - 1
      - 0
      - 0
      - 0
      - 0
      - 0
      - 0
    - - 0
      - 0
      - 0
      - 0
      - 0
      - 0
      - 0
      - 0
      - 0
      - 0
      - 0
      - 0
      - 0
      - 0
      - 0
      - 0
      - 0
      - 0
      - 0
      - 0
      - 2
      - 0
      - 1
      - 1
      - 0
      - 0
      - 0
      - 0
      - 0
      - 1
    - - 0
      - 0
      - 0
      - 0
      - 0
      - 0
      - 0
      - 0
      - 0
      - 0
      - 0
      - 0
      - 0
      - 0
      - 0
      - 0
      - 0
      - 0
      - 1
      - 0
      - 3
      - 1
      - 0
      - 0
      - 0
      - 0
      - 0
      - 0
      - 0
      - 0
    - - 0
      - 0
      - 0
      - 0
      - 0
      - 0
      - 0
      - 0
      - 0
      - 0
      - 0
      - 0
      - 0
      - 0
      - 0
      - 0
      - 0
      - 0
      - 0
      - 0
      - 1
      - 2
      - 1
      - 0
      - 0
      - 0
      - 0
      - 0
      - 0
      - 1
    - - 0
      - 0
      - 0
      - 0
      - 0
      - 0
      - 0
      - 0
      - 0
      - 0
      - 0
      - 0
      - 0
      - 0
      - 0
      - 0
      - 0
      - 0
      - 0
      - 0
      - 0
      - 0
      - 0
      - 0
      - 0
      - 0
      - 0
      - 0
      - 0
      - 0
    - - 0
      - 0
      - 0
      - 0
      - 0
      - 0
      - 0
      - 0
      - 0
      - 0
      - 0
      - 0
      - 0
      - 0
      - 0
      - 0
      - 0
      - 0
      - 0
      - 0
      - 0
      - 0
      - 0
      - 0
      - 0
      - 0
      - 0
      - 0
      - 0
      - 0
    - - 0
      - 0
      - 0
      - 0
      - 0
      - 0
      - 0
      - 0
      - 0
      - 0
      - 0
      - 0
      - 0
      - 0
      - 0
      - 0
      - 0
      - 0
      - 0
      - 0
      - 0
      - 0
      - 0
      - 0
      - 0
      - 0
      - 0
      - 0
      - 0
      - 0
    - - 0
      - 0
      - 0
      - 0
      - 0
      - 0
      - 0
      - 0
      - 0
      - 0
      - 0
      - 0
      - 0
      - 0
      - 0
      - 0
      - 0
      - 0
      - 0
      - 0
      - 0
      - 0
      - 0
      - 0
      - 0
      - 0
      - 0
      - 0
      - 0
      - 0
    - - 0
      - 0
      - 0
      - 0
      - 0
      - 0
      - 0
      - 0
      - 0
      - 0
      - 0
      - 0
      - 0
      - 0
      - 0
      - 0
      - 0
      - 0
      - 0
      - 0
      - 0
      - 0
      - 0
      - 0
      - 0
      - 0
      - 0
      - 0
      - 0
      - 0
    - - 0
      - 0
      - 0
      - 0
      - 0
      - 0
      - 0
      - 0
      - 0
      - 0
      - 0
      - 0
      - 0
      - 0
      - 0
      - 0
      - 0
      - 0
      - 0
      - 0
      - 0
      - 0
      - 0
      - 0
      - 0
      - 0
      - 0
      - 0
      - 0
      - 0
    - - 0
      - 0
      - 0
      - 0
      - 0
      - 0
      - 0
      - 0
      - 0
      - 0
      - 0
      - 0
      - 0
      - 0
      - 0
      - 0
      - 0
      - 0
      - 0
      - 0
      - 0
      - 0
      - 0
      - 0
      - 0
      - 0
      - 0
      - 0
      - 0
      - 0
    - - 0
      - 0
      - 0
      - 0
      - 0
      - 0
      - 0
      - 0
      - 0
      - 0
      - 0
      - 0
      - 0
      - 0
      - 0
      - 0
      - 0
      - 0
      - 0
      - 0
      - 0
      - 0
      - 0
      - 0
      - 0
      - 0
      - 0
      - 0
      - 0
      - 0
    - - 0
      - 0
      - 0
      - 0
      - 0
      - 0
      - 0
      - 0
      - 0
      - 0
      - 0
      - 0
      - 0
      - 0
      - 0
      - 0
      - 0
      - 0
      - 0
      - 0
      - 0
      - 0
      - 0
      - 0
      - 0
      - 0
      - 0
      - 0
      - 0
      - 0
    - - 0
      - 0
      - 0
      - 0
      - 0
      - 0
      - 0
      - 0
      - 0
      - 0
      - 0
      - 0
      - 0
      - 0
      - 0
      - 0
      - 0
      - 0
      - 0
      - 0
      - 0
      - 0
      - 0
      - 0
      - 0
      - 0
      - 0
      - 0
      - 0
      - 0
  per_class:
    American Crow:
      precision: 1.0
      recall: 0.6
      f1: 0.7499999999999999
      support: 5.0
      predicted: 3.0
      true_positive: 3.0
      false_positive: 0.0
      false_negative: 2.0
    Baltimore Oriole:
      precision: 1.0
      recall: 0.6
      f1: 0.7499999999999999
      support: 5.0
      predicted: 3.0
      true_positive: 3.0
      false_positive: 0.0
      false_negative: 2.0
    Bank Swallow:
      precision: 0.0
      recall: 0.0
      f1: 0.0
      support: 5.0
      predicted: 0.0
      true_positive: 0.0
      false_positive: 0.0
      false_negative: 5.0
    Bewick Wren:
      precision: 1.0
      recall: 0.2
      f1: 0.33333333333333337
      support: 5.0
      predicted: 1.0
      true_positive: 1.0
      false_positive: 0.0
      false_negative: 4.0
    Black throated Sparrow:
      precision: 0.5
      recall: 0.2
      f1: 0.28571428571428575
      support: 5.0
      predicted: 2.0
      true_positive: 1.0
      false_positive: 1.0
      false_negative: 4.0
    Cedar Waxwing:
      precision: 1.0
      recall: 0.4
      f1: 0.5714285714285715
      support: 5.0
      predicted: 2.0
      true_positive: 2.0
      false_positive: 0.0
      false_negative: 3.0
    Chipping Sparrow:
      precision: 0.0
      recall: 0.0
      f1: 0.0
      support: 5.0
      predicted: 0.0
      true_positive: 0.0
      false_positive: 0.0
      false_negative: 5.0
    Chuck will Widow:
      precision: 1.0
      recall: 0.2
      f1: 0.33333333333333337
      support: 5.0
      predicted: 1.0
      true_positive: 1.0
      false_positive: 0.0
      false_negative: 4.0
    Common Tern:
      precision: 1.0
      recall: 0.2
      f1: 0.33333333333333337
      support: 5.0
      predicted: 1.0
      true_positive: 1.0
      false_positive: 0.0
      false_negative: 4.0
    Frigatebird:
      precision: 1.0
      recall: 1.0
      f1: 1.0
      support: 5.0
      predicted: 5.0
      true_positive: 5.0
      false_positive: 0.0
      false_negative: 0.0
    Golden winged Warbler:
      precision: 0.0
      recall: 0.0
      f1: 0.0
      support: 5.0
      predicted: 0.0
      true_positive: 0.0
      false_positive: 0.0
      false_negative: 5.0
    Herring Gull:
      precision: 0.0
      recall: 0.0
      f1: 0.0
      support: 5.0
      predicted: 0.0
      true_positive: 0.0
      false_positive: 0.0
      false_negative: 5.0
    Ivory Gull:
      precision: 1.0
      recall: 0.4
      f1: 0.5714285714285715
      support: 5.0
      predicted: 2.0
      true_positive: 2.0
      false_positive: 0.0
      false_negative: 3.0
    Pied Kingfisher:
      precision: 1.0
      recall: 0.6
      f1: 0.7499999999999999
      support: 5.0
      predicted: 3.0
      true_positive: 3.0
      false_positive: 0.0
      false_negative: 2.0
    Pileated Woodpecker:
      precision: 1.0
      recall: 0.2
      f1: 0.33333333333333337
      support: 5.0
      predicted: 1.0
      true_positive: 1.0
      false_positive: 0.0
      false_negative: 4.0
    Purple Finch:
      precision: 1.0
      recall: 0.2
      f1: 0.33333333333333337
      support: 5.0
      predicted: 1.0
      true_positive: 1.0
      false_positive: 0.0
      false_negative: 4.0
    Rock Wren:
      precision: 0.0
      recall: 0.0
      f1: 0.0
      support: 5.0
      predicted: 0.0
      true_positive: 0.0
      false_positive: 0.0
      false_negative: 5.0
    Scott Oriole:
      precision: 0.0
      recall: 0.0
      f1: 0.0
      support: 5.0
      predicted: 0.0
      true_positive: 0.0
      false_positive: 0.0
      false_negative: 5.0
    Summer Tanager:
      precision: 1.0
      recall: 0.2
      f1: 0.33333333333333337
      support: 5.0
      predicted: 1.0
      true_positive: 1.0
      false_positive: 0.0
      false_negative: 4.0
    Western Meadowlark:
      precision: 0.0
      recall: 0.0
      f1: 0.0
      support: 5.0
      predicted: 0.0
      true_positive: 0.0
      false_positive: 0.0
      false_negative: 5.0
    'Answer: A':
      precision: 0.0
      recall: 0.0
      f1: 0.0
      support: 0.0
      predicted: 21.0
      true_positive: 0.0
      false_positive: 21.0
      false_negative: 0.0
    'Answer: C':
      precision: 0.0
      recall: 0.0
      f1: 0.0
      support: 0.0
      predicted: 13.0
      true_positive: 0.0
      false_positive: 13.0
      false_negative: 0.0
    'Answer: B':
      precision: 0.0
      recall: 0.0
      f1: 0.0
      support: 0.0
      predicted: 21.0
      true_positive: 0.0
      false_positive: 21.0
      false_negative: 0.0
    'Answer: D':
      precision: 0.0
      recall: 0.0
      f1: 0.0
      support: 0.0
      predicted: 12.0
      true_positive: 0.0
      false_positive: 12.0
      false_negative: 0.0
    C. Western Wood Pewee:
      precision: 0.0
      recall: 0.0
      f1: 0.0
      support: 0.0
      predicted: 1.0
      true_positive: 0.0
      false_positive: 1.0
      false_negative: 0.0
    B. Cape Glossy Starling.:
      precision: 0.0
      recall: 0.0
      f1: 0.0
      support: 0.0
      predicted: 1.0
      true_positive: 0.0
      false_positive: 1.0
      false_negative: 0.0
    D. Western Gull.:
      precision: 0.0
      recall: 0.0
      f1: 0.0
      support: 0.0
      predicted: 1.0
      true_positive: 0.0
      false_positive: 1.0
      false_negative: 0.0
    B:
      precision: 0.0
      recall: 0.0
      f1: 0.0
      support: 0.0
      predicted: 1.0
      true_positive: 0.0
      false_positive: 1.0
      false_negative: 0.0
    Answer:C:
      precision: 0.0
      recall: 0.0
      f1: 0.0
      support: 0.0
      predicted: 1.0
      true_positive: 0.0
      false_positive: 1.0
      false_negative: 0.0
    C. Prothonotary Warbler.:
      precision: 0.0
      recall: 0.0
      f1: 0.0
      support: 0.0
      predicted: 2.0
      true_positive: 0.0
      false_positive: 2.0
      false_negative: 0.0
  macro_precision: 0.4166666666666667
  macro_recall: 0.16666666666666666
  macro_f1: 0.22261904761904763
  balanced_accuracy: 0.16666666666666666
saved:
  metrics: /root/autodl-tmp/FGVC/swap/paper/outputs/20260327_020651_c4_cross_model/c4_cross_model_cub_fgvc_seed42_zero_shot_idefics3_20260327_020651.metrics.json
  predictions: /root/autodl-tmp/FGVC/swap/paper/outputs/20260327_020651_c4_cross_model/c4_cross_model_cub_fgvc_seed42_zero_shot_idefics3_20260327_020651.predictions.jsonl
  diagnostics: /root/autodl-tmp/FGVC/swap/paper/outputs/20260327_020651_c4_cross_model/c4_cross_model_cub_fgvc_seed42_zero_shot_idefics3_20260327_020651.diagnostics.json

