# worker=main
# CUDA_VISIBLE_DEVICES=inherit
# command=/root/autodl-tmp/FGVC/.venv/bin/python3 /root/autodl-tmp/FGVC/main.py model=idefics3 dataset=general_custom method=rsev2 evaluator=raw dataset.name=blink_semantic_correspondence dataset.train_path=/root/autodl-tmp/FGVC/swap/paper/subsets/20260327_020651_c4_cross_model/seed_42/blink_semantic_correspondence/train_subset.json dataset.val_path=/root/autodl-tmp/FGVC/swap/paper/subsets/20260327_020651_c4_cross_model/seed_42/blink_semantic_correspondence/val_subset.json run.output_dir=/root/autodl-tmp/FGVC/swap/paper/outputs/20260327_020651_c4_cross_model run.run_name=c4_cross_model_blink_semantic_correspondence_seed42_rsev2_idefics3_20260327_020651 run.progress_bar=false run.save_predictions=false run.seed=42 method.params.progress_bar=false

Loading weights:   0%|          | 0/729 [00:00<?, ?it/s]Loading weights:   0%|          | 1/729 [00:00<01:35,  7.59it/s]Loading weights:   0%|          | 3/729 [00:00<01:17,  9.35it/s]Loading weights:   1%|          | 5/729 [00:01<03:53,  3.10it/s]Loading weights:  17%|█▋        | 126/729 [00:01<00:06, 100.25it/s]Loading weights:  24%|██▍       | 176/729 [00:01<00:03, 139.32it/s]Loading weights:  28%|██▊       | 201/729 [00:02<00:04, 125.91it/s]Loading weights:  30%|███       | 221/729 [00:02<00:06, 75.27it/s] Loading weights:  78%|███████▊  | 572/729 [00:02<00:00, 395.48it/s]Loading weights: 100%|██████████| 729/729 [00:03<00:00, 242.89it/s]
metrics:
  metric: raw_accuracy
  accuracy: 0.05
  correct: 1.0
  total: 20.0
  label_order:
  - (C)
  - (B)
  - (A)
  - (D)
  confusion_matrix:
    labels:
    - (C)
    - (B)
    - (A)
    - (D)
    matrix:
    - - 0
      - 0
      - 3
      - 2
    - - 3
      - 0
      - 1
      - 1
    - - 0
      - 0
      - 1
      - 4
    - - 1
      - 3
      - 1
      - 0
  per_class:
    (C):
      precision: 0.0
      recall: 0.0
      f1: 0.0
      support: 5.0
      predicted: 4.0
      true_positive: 0.0
      false_positive: 4.0
      false_negative: 5.0
    (B):
      precision: 0.0
      recall: 0.0
      f1: 0.0
      support: 5.0
      predicted: 3.0
      true_positive: 0.0
      false_positive: 3.0
      false_negative: 5.0
    (A):
      precision: 0.16666666666666666
      recall: 0.2
      f1: 0.1818181818181818
      support: 5.0
      predicted: 6.0
      true_positive: 1.0
      false_positive: 5.0
      false_negative: 4.0
    (D):
      precision: 0.0
      recall: 0.0
      f1: 0.0
      support: 5.0
      predicted: 7.0
      true_positive: 0.0
      false_positive: 7.0
      false_negative: 5.0
  macro_precision: 0.041666666666666664
  macro_recall: 0.05
  macro_f1: 0.04545454545454545
  balanced_accuracy: 0.05
saved:
  metrics: /root/autodl-tmp/FGVC/swap/paper/outputs/20260327_020651_c4_cross_model/c4_cross_model_blink_semantic_correspondence_seed42_rsev2_idefics3_20260327_020651.metrics.json
  predictions: /root/autodl-tmp/FGVC/swap/paper/outputs/20260327_020651_c4_cross_model/c4_cross_model_blink_semantic_correspondence_seed42_rsev2_idefics3_20260327_020651.predictions.jsonl
  diagnostics: /root/autodl-tmp/FGVC/swap/paper/outputs/20260327_020651_c4_cross_model/c4_cross_model_blink_semantic_correspondence_seed42_rsev2_idefics3_20260327_020651.diagnostics.json

