# worker=main
# CUDA_VISIBLE_DEVICES=inherit
# command=/root/autodl-tmp/FGVC/.venv/bin/python3 /root/autodl-tmp/FGVC/main.py model=idefics3 dataset=general_custom method=rsev2 evaluator=raw dataset.name=vizwiz dataset.train_path=/root/autodl-tmp/FGVC/swap/paper/subsets/20260327_020651_c4_cross_model/seed_42/vizwiz/train_subset.jsonl dataset.val_path=/root/autodl-tmp/FGVC/swap/paper/subsets/20260327_020651_c4_cross_model/seed_42/vizwiz/val_subset.jsonl run.output_dir=/root/autodl-tmp/FGVC/swap/paper/outputs/20260327_020651_c4_cross_model run.run_name=c4_cross_model_vizwiz_seed42_rsev2_idefics3_20260327_020651 run.progress_bar=false run.save_predictions=false run.seed=42 method.params.progress_bar=false

Loading weights:   0%|          | 0/729 [00:00<?, ?it/s]Loading weights:   0%|          | 1/729 [00:00<01:33,  7.83it/s]Loading weights:   0%|          | 3/729 [00:00<01:14,  9.78it/s]Loading weights:   1%|          | 9/729 [00:00<00:39, 18.37it/s]Loading weights:   5%|▍         | 34/729 [00:00<00:15, 43.59it/s]Loading weights:  12%|█▏        | 86/729 [00:01<00:05, 119.26it/s]Loading weights:  14%|█▍        | 104/729 [00:01<00:10, 62.35it/s]Loading weights:  24%|██▍       | 174/729 [00:02<00:07, 70.54it/s]Loading weights:  39%|███▉      | 285/729 [00:02<00:02, 149.76it/s]Loading weights:  79%|███████▊  | 574/729 [00:02<00:00, 421.60it/s]Loading weights: 100%|██████████| 729/729 [00:02<00:00, 248.68it/s]
metrics:
  metric: raw_accuracy
  accuracy: 0.725
  correct: 29.0
  total: 40.0
  label_order:
  - unanswerable
  - answerable
  confusion_matrix:
    labels:
    - unanswerable
    - answerable
    matrix:
    - - 16
      - 4
    - - 7
      - 13
  per_class:
    unanswerable:
      precision: 0.6956521739130435
      recall: 0.8
      f1: 0.7441860465116279
      support: 20.0
      predicted: 23.0
      true_positive: 16.0
      false_positive: 7.0
      false_negative: 4.0
    answerable:
      precision: 0.7647058823529411
      recall: 0.65
      f1: 0.7027027027027027
      support: 20.0
      predicted: 17.0
      true_positive: 13.0
      false_positive: 4.0
      false_negative: 7.0
  macro_precision: 0.7301790281329923
  macro_recall: 0.7250000000000001
  macro_f1: 0.7234443746071653
  balanced_accuracy: 0.7250000000000001
saved:
  metrics: /root/autodl-tmp/FGVC/swap/paper/outputs/20260327_020651_c4_cross_model/c4_cross_model_vizwiz_seed42_rsev2_idefics3_20260327_020651.metrics.json
  predictions: /root/autodl-tmp/FGVC/swap/paper/outputs/20260327_020651_c4_cross_model/c4_cross_model_vizwiz_seed42_rsev2_idefics3_20260327_020651.predictions.jsonl
  diagnostics: /root/autodl-tmp/FGVC/swap/paper/outputs/20260327_020651_c4_cross_model/c4_cross_model_vizwiz_seed42_rsev2_idefics3_20260327_020651.diagnostics.json

