# worker=main
# CUDA_VISIBLE_DEVICES=inherit
# command=/root/autodl-tmp/FGVC/.venv/bin/python3 /root/autodl-tmp/FGVC/main.py model=idefics3 dataset=general_custom method=sav evaluator=raw dataset.name=blink_semantic_correspondence dataset.train_path=/root/autodl-tmp/FGVC/swap/paper/subsets/20260327_020651_c4_cross_model/seed_42/blink_semantic_correspondence/train_subset.json dataset.val_path=/root/autodl-tmp/FGVC/swap/paper/subsets/20260327_020651_c4_cross_model/seed_42/blink_semantic_correspondence/val_subset.json run.output_dir=/root/autodl-tmp/FGVC/swap/paper/outputs/20260327_020651_c4_cross_model run.run_name=c4_cross_model_blink_semantic_correspondence_seed42_sav_idefics3_20260327_020651 run.progress_bar=false run.save_predictions=false run.seed=42 method.params.progress_bar=false

Loading weights:   0%|          | 0/729 [00:00<?, ?it/s]Loading weights:   0%|          | 1/729 [00:00<01:35,  7.66it/s]Loading weights:   0%|          | 3/729 [00:00<03:12,  3.77it/s]Loading weights:   8%|▊         | 59/729 [00:01<00:17, 38.69it/s]Loading weights:  26%|██▌       | 186/729 [00:01<00:03, 145.13it/s]Loading weights:  32%|███▏      | 235/729 [00:02<00:03, 127.57it/s]Loading weights:  37%|███▋      | 270/729 [00:02<00:04, 113.03it/s]Loading weights:  72%|███████▏  | 527/729 [00:02<00:00, 349.79it/s]Loading weights: 100%|██████████| 729/729 [00:02<00:00, 246.46it/s]
metrics:
  metric: raw_accuracy
  accuracy: 0.3
  correct: 6.0
  total: 20.0
  label_order:
  - (C)
  - (B)
  - (A)
  - (D)
  confusion_matrix:
    labels:
    - (C)
    - (B)
    - (A)
    - (D)
    matrix:
    - - 2
      - 0
      - 1
      - 2
    - - 2
      - 0
      - 2
      - 1
    - - 0
      - 0
      - 4
      - 1
    - - 1
      - 3
      - 1
      - 0
  per_class:
    (C):
      precision: 0.4
      recall: 0.4
      f1: 0.4000000000000001
      support: 5.0
      predicted: 5.0
      true_positive: 2.0
      false_positive: 3.0
      false_negative: 3.0
    (B):
      precision: 0.0
      recall: 0.0
      f1: 0.0
      support: 5.0
      predicted: 3.0
      true_positive: 0.0
      false_positive: 3.0
      false_negative: 5.0
    (A):
      precision: 0.5
      recall: 0.8
      f1: 0.6153846153846154
      support: 5.0
      predicted: 8.0
      true_positive: 4.0
      false_positive: 4.0
      false_negative: 1.0
    (D):
      precision: 0.0
      recall: 0.0
      f1: 0.0
      support: 5.0
      predicted: 4.0
      true_positive: 0.0
      false_positive: 4.0
      false_negative: 5.0
  macro_precision: 0.225
  macro_recall: 0.30000000000000004
  macro_f1: 0.2538461538461539
  balanced_accuracy: 0.30000000000000004
saved:
  metrics: /root/autodl-tmp/FGVC/swap/paper/outputs/20260327_020651_c4_cross_model/c4_cross_model_blink_semantic_correspondence_seed42_sav_idefics3_20260327_020651.metrics.json
  predictions: /root/autodl-tmp/FGVC/swap/paper/outputs/20260327_020651_c4_cross_model/c4_cross_model_blink_semantic_correspondence_seed42_sav_idefics3_20260327_020651.predictions.jsonl
  diagnostics: /root/autodl-tmp/FGVC/swap/paper/outputs/20260327_020651_c4_cross_model/c4_cross_model_blink_semantic_correspondence_seed42_sav_idefics3_20260327_020651.diagnostics.json

