# worker=main
# CUDA_VISIBLE_DEVICES=inherit
# command=/root/autodl-tmp/FGVC/.venv/bin/python3 /root/autodl-tmp/FGVC/main.py model=idefics3 dataset=general_custom method=zero_shot evaluator=raw dataset.name=vizwiz dataset.train_path=/root/autodl-tmp/FGVC/swap/paper/subsets/20260327_020651_c4_cross_model/seed_42/vizwiz/train_subset.jsonl dataset.val_path=/root/autodl-tmp/FGVC/swap/paper/subsets/20260327_020651_c4_cross_model/seed_42/vizwiz/val_subset.jsonl run.output_dir=/root/autodl-tmp/FGVC/swap/paper/outputs/20260327_020651_c4_cross_model run.run_name=c4_cross_model_vizwiz_seed42_zero_shot_idefics3_20260327_020651 run.progress_bar=false run.save_predictions=false run.seed=42

Loading weights:   0%|          | 0/729 [00:00<?, ?it/s]Loading weights:   0%|          | 1/729 [00:00<01:33,  7.82it/s]Loading weights:   0%|          | 3/729 [00:00<01:14,  9.80it/s]Loading weights:   1%|          | 5/729 [00:00<01:14,  9.71it/s]Loading weights:   5%|▍         | 34/729 [00:00<00:08, 82.03it/s]Loading weights:   6%|▋         | 46/729 [00:01<00:18, 36.38it/s]Loading weights:  17%|█▋        | 124/729 [00:01<00:07, 79.36it/s]Loading weights:  28%|██▊       | 203/729 [00:02<00:06, 86.57it/s]Loading weights:  79%|███████▊  | 573/729 [00:02<00:00, 360.80it/s]Loading weights: 100%|██████████| 729/729 [00:02<00:00, 249.68it/s]
The following generation flags are not valid and may be ignored: ['temperature']. Set `TRANSFORMERS_VERBOSITY=info` for more details.
metrics:
  metric: raw_accuracy
  accuracy: 0.0
  correct: 0.0
  total: 40.0
  label_order:
  - unanswerable
  - answerable
  - No, this is a good picture.
  - The medicine is called "Time Release Night Time."
  - 10 years.
  - The blue one is on the right side.
  - The arrow is pointing to the left.
  - Windows.
  - There is a light on the laptop screen.
  - The model number is 031A and the serial number is 3MEH
  - It is a shampoo.
  - There is a building, trees, and a car visible outside the window.
  - There is a hoarding in the image.
  - White.
  - The piece of mail is from Australia.
  - The mail is for "Bill".
  - Your eye is not visible in the image, as it is a black and white
  - The children's dictionary is the one on the right.
  - A person is touching a container of food that has the word best before on the
  - 32 bit.
  - The computer is showing a screen.
  - The tag number is 941.
  - Sbarro.
  - Brown.
  - Yes, this is a bottle.
  - The error message on the Windows screen is "Starting Windows."
  - Sometimes it does this too.  It's great when it works, but when
  - The sky is very ominous in the northwest.
  - The item in the box is 30 Ibuprofen tablets.
  - Advil.
  - Yes, there is a woman in the image.
  - A screen with the word questions at the top.
  - It says "extra charge for any cups & plates".
  - The screen displays a warning message.
  - The image depicts a computer screen displaying a software application. The application
    appears to be
  - There is no bottle present on the screen; it is a blurry image.
  - The size of the TV cannot be determined from the image alone.
  - The note has a picture of two people on it and says Jennifer Gardner.
  - A label with the letters "KE" is on a white background.
  - This is a photograph.
  - The food packaging contains a Tesco's Indian meal.
  - The receipt is about a purchase, and there is a phone number on it.
  confusion_matrix:
    labels:
    - unanswerable
    - answerable
    - No, this is a good picture.
    - The medicine is called "Time Release Night Time."
    - 10 years.
    - The blue one is on the right side.
    - The arrow is pointing to the left.
    - Windows.
    - There is a light on the laptop screen.
    - The model number is 031A and the serial number is 3MEH
    - It is a shampoo.
    - There is a building, trees, and a car visible outside the window.
    - There is a hoarding in the image.
    - White.
    - The piece of mail is from Australia.
    - The mail is for "Bill".
    - Your eye is not visible in the image, as it is a black and white
    - The children's dictionary is the one on the right.
    - A person is touching a container of food that has the word best before on the
    - 32 bit.
    - The computer is showing a screen.
    - The tag number is 941.
    - Sbarro.
    - Brown.
    - Yes, this is a bottle.
    - The error message on the Windows screen is "Starting Windows."
    - Sometimes it does this too.  It's great when it works, but when
    - The sky is very ominous in the northwest.
    - The item in the box is 30 Ibuprofen tablets.
    - Advil.
    - Yes, there is a woman in the image.
    - A screen with the word questions at the top.
    - It says "extra charge for any cups & plates".
    - The screen displays a warning message.
    - The image depicts a computer screen displaying a software application. The application
      appears to be
    - There is no bottle present on the screen; it is a blurry image.
    - The size of the TV cannot be determined from the image alone.
    - The note has a picture of two people on it and says Jennifer Gardner.
    - A label with the letters "KE" is on a white background.
    - This is a photograph.
    - The food packaging contains a Tesco's Indian meal.
    - The receipt is about a purchase, and there is a phone number on it.
    matrix:
    - - 0
      - 0
      - 1
      - 0
      - 0
      - 0
      - 1
      - 0
      - 1
      - 1
      - 1
      - 0
      - 1
      - 0
      - 1
      - 1
      - 1
      - 0
      - 0
      - 1
      - 0
      - 1
      - 1
      - 0
      - 0
      - 0
      - 0
      - 0
      - 0
      - 1
      - 0
      - 0
      - 1
      - 0
      - 0
      - 1
      - 0
      - 1
      - 1
      - 1
      - 1
      - 1
    - - 0
      - 0
      - 0
      - 1
      - 1
      - 1
      - 0
      - 1
      - 0
      - 0
      - 0
      - 1
      - 0
      - 1
      - 0
      - 0
      - 0
      - 1
      - 1
      - 0
      - 1
      - 0
      - 0
      - 1
      - 1
      - 1
      - 1
      - 1
      - 1
      - 0
      - 1
      - 1
      - 0
      - 1
      - 1
      - 0
      - 1
      - 0
      - 0
      - 0
      - 0
      - 0
    - - 0
      - 0
      - 0
      - 0
      - 0
      - 0
      - 0
      - 0
      - 0
      - 0
      - 0
      - 0
      - 0
      - 0
      - 0
      - 0
      - 0
      - 0
      - 0
      - 0
      - 0
      - 0
      - 0
      - 0
      - 0
      - 0
      - 0
      - 0
      - 0
      - 0
      - 0
      - 0
      - 0
      - 0
      - 0
      - 0
      - 0
      - 0
      - 0
      - 0
      - 0
      - 0
    - - 0
      - 0
      - 0
      - 0
      - 0
      - 0
      - 0
      - 0
      - 0
      - 0
      - 0
      - 0
      - 0
      - 0
      - 0
      - 0
      - 0
      - 0
      - 0
      - 0
      - 0
      - 0
      - 0
      - 0
      - 0
      - 0
      - 0
      - 0
      - 0
      - 0
      - 0
      - 0
      - 0
      - 0
      - 0
      - 0
      - 0
      - 0
      - 0
      - 0
      - 0
      - 0
    - - 0
      - 0
      - 0
      - 0
      - 0
      - 0
      - 0
      - 0
      - 0
      - 0
      - 0
      - 0
      - 0
      - 0
      - 0
      - 0
      - 0
      - 0
      - 0
      - 0
      - 0
      - 0
      - 0
      - 0
      - 0
      - 0
      - 0
      - 0
      - 0
      - 0
      - 0
      - 0
      - 0
      - 0
      - 0
      - 0
      - 0
      - 0
      - 0
      - 0
      - 0
      - 0
    - - 0
      - 0
      - 0
      - 0
      - 0
      - 0
      - 0
      - 0
      - 0
      - 0
      - 0
      - 0
      - 0
      - 0
      - 0
      - 0
      - 0
      - 0
      - 0
      - 0
      - 0
      - 0
      - 0
      - 0
      - 0
      - 0
      - 0
      - 0
      - 0
      - 0
      - 0
      - 0
      - 0
      - 0
      - 0
      - 0
      - 0
      - 0
      - 0
      - 0
      - 0
      - 0
    - - 0
      - 0
      - 0
      - 0
      - 0
      - 0
      - 0
      - 0
      - 0
      - 0
      - 0
      - 0
      - 0
      - 0
      - 0
      - 0
      - 0
      - 0
      - 0
      - 0
      - 0
      - 0
      - 0
      - 0
      - 0
      - 0
      - 0
      - 0
      - 0
      - 0
      - 0
      - 0
      - 0
      - 0
      - 0
      - 0
      - 0
      - 0
      - 0
      - 0
      - 0
      - 0
    - - 0
      - 0
      - 0
      - 0
      - 0
      - 0
      - 0
      - 0
      - 0
      - 0
      - 0
      - 0
      - 0
      - 0
      - 0
      - 0
      - 0
      - 0
      - 0
      - 0
      - 0
      - 0
      - 0
      - 0
      - 0
      - 0
      - 0
      - 0
      - 0
      - 0
      - 0
      - 0
      - 0
      - 0
      - 0
      - 0
      - 0
      - 0
      - 0
      - 0
      - 0
      - 0
    - - 0
      - 0
      - 0
      - 0
      - 0
      - 0
      - 0
      - 0
      - 0
      - 0
      - 0
      - 0
      - 0
      - 0
      - 0
      - 0
      - 0
      - 0
      - 0
      - 0
      - 0
      - 0
      - 0
      - 0
      - 0
      - 0
      - 0
      - 0
      - 0
      - 0
      - 0
      - 0
      - 0
      - 0
      - 0
      - 0
      - 0
      - 0
      - 0
      - 0
      - 0
      - 0
    - - 0
      - 0
      - 0
      - 0
      - 0
      - 0
      - 0
      - 0
      - 0
      - 0
      - 0
      - 0
      - 0
      - 0
      - 0
      - 0
      - 0
      - 0
      - 0
      - 0
      - 0
      - 0
      - 0
      - 0
      - 0
      - 0
      - 0
      - 0
      - 0
      - 0
      - 0
      - 0
      - 0
      - 0
      - 0
      - 0
      - 0
      - 0
      - 0
      - 0
      - 0
      - 0
    - - 0
      - 0
      - 0
      - 0
      - 0
      - 0
      - 0
      - 0
      - 0
      - 0
      - 0
      - 0
      - 0
      - 0
      - 0
      - 0
      - 0
      - 0
      - 0
      - 0
      - 0
      - 0
      - 0
      - 0
      - 0
      - 0
      - 0
      - 0
      - 0
      - 0
      - 0
      - 0
      - 0
      - 0
      - 0
      - 0
      - 0
      - 0
      - 0
      - 0
      - 0
      - 0
    - - 0
      - 0
      - 0
      - 0
      - 0
      - 0
      - 0
      - 0
      - 0
      - 0
      - 0
      - 0
      - 0
      - 0
      - 0
      - 0
      - 0
      - 0
      - 0
      - 0
      - 0
      - 0
      - 0
      - 0
      - 0
      - 0
      - 0
      - 0
      - 0
      - 0
      - 0
      - 0
      - 0
      - 0
      - 0
      - 0
      - 0
      - 0
      - 0
      - 0
      - 0
      - 0
    - - 0
      - 0
      - 0
      - 0
      - 0
      - 0
      - 0
      - 0
      - 0
      - 0
      - 0
      - 0
      - 0
      - 0
      - 0
      - 0
      - 0
      - 0
      - 0
      - 0
      - 0
      - 0
      - 0
      - 0
      - 0
      - 0
      - 0
      - 0
      - 0
      - 0
      - 0
      - 0
      - 0
      - 0
      - 0
      - 0
      - 0
      - 0
      - 0
      - 0
      - 0
      - 0
    - - 0
      - 0
      - 0
      - 0
      - 0
      - 0
      - 0
      - 0
      - 0
      - 0
      - 0
      - 0
      - 0
      - 0
      - 0
      - 0
      - 0
      - 0
      - 0
      - 0
      - 0
      - 0
      - 0
      - 0
      - 0
      - 0
      - 0
      - 0
      - 0
      - 0
      - 0
      - 0
      - 0
      - 0
      - 0
      - 0
      - 0
      - 0
      - 0
      - 0
      - 0
      - 0
    - - 0
      - 0
      - 0
      - 0
      - 0
      - 0
      - 0
      - 0
      - 0
      - 0
      - 0
      - 0
      - 0
      - 0
      - 0
      - 0
      - 0
      - 0
      - 0
      - 0
      - 0
      - 0
      - 0
      - 0
      - 0
      - 0
      - 0
      - 0
      - 0
      - 0
      - 0
      - 0
      - 0
      - 0
      - 0
      - 0
      - 0
      - 0
      - 0
      - 0
      - 0
      - 0
    - - 0
      - 0
      - 0
      - 0
      - 0
      - 0
      - 0
      - 0
      - 0
      - 0
      - 0
      - 0
      - 0
      - 0
      - 0
      - 0
      - 0
      - 0
      - 0
      - 0
      - 0
      - 0
      - 0
      - 0
      - 0
      - 0
      - 0
      - 0
      - 0
      - 0
      - 0
      - 0
      - 0
      - 0
      - 0
      - 0
      - 0
      - 0
      - 0
      - 0
      - 0
      - 0
    - - 0
      - 0
      - 0
      - 0
      - 0
      - 0
      - 0
      - 0
      - 0
      - 0
      - 0
      - 0
      - 0
      - 0
      - 0
      - 0
      - 0
      - 0
      - 0
      - 0
      - 0
      - 0
      - 0
      - 0
      - 0
      - 0
      - 0
      - 0
      - 0
      - 0
      - 0
      - 0
      - 0
      - 0
      - 0
      - 0
      - 0
      - 0
      - 0
      - 0
      - 0
      - 0
    - - 0
      - 0
      - 0
      - 0
      - 0
      - 0
      - 0
      - 0
      - 0
      - 0
      - 0
      - 0
      - 0
      - 0
      - 0
      - 0
      - 0
      - 0
      - 0
      - 0
      - 0
      - 0
      - 0
      - 0
      - 0
      - 0
      - 0
      - 0
      - 0
      - 0
      - 0
      - 0
      - 0
      - 0
      - 0
      - 0
      - 0
      - 0
      - 0
      - 0
      - 0
      - 0
    - - 0
      - 0
      - 0
      - 0
      - 0
      - 0
      - 0
      - 0
      - 0
      - 0
      - 0
      - 0
      - 0
      - 0
      - 0
      - 0
      - 0
      - 0
      - 0
      - 0
      - 0
      - 0
      - 0
      - 0
      - 0
      - 0
      - 0
      - 0
      - 0
      - 0
      - 0
      - 0
      - 0
      - 0
      - 0
      - 0
      - 0
      - 0
      - 0
      - 0
      - 0
      - 0
    - - 0
      - 0
      - 0
      - 0
      - 0
      - 0
      - 0
      - 0
      - 0
      - 0
      - 0
      - 0
      - 0
      - 0
      - 0
      - 0
      - 0
      - 0
      - 0
      - 0
      - 0
      - 0
      - 0
      - 0
      - 0
      - 0
      - 0
      - 0
      - 0
      - 0
      - 0
      - 0
      - 0
      - 0
      - 0
      - 0
      - 0
      - 0
      - 0
      - 0
      - 0
      - 0
    - - 0
      - 0
      - 0
      - 0
      - 0
      - 0
      - 0
      - 0
      - 0
      - 0
      - 0
      - 0
      - 0
      - 0
      - 0
      - 0
      - 0
      - 0
      - 0
      - 0
      - 0
      - 0
      - 0
      - 0
      - 0
      - 0
      - 0
      - 0
      - 0
      - 0
      - 0
      - 0
      - 0
      - 0
      - 0
      - 0
      - 0
      - 0
      - 0
      - 0
      - 0
      - 0
    - - 0
      - 0
      - 0
      - 0
      - 0
      - 0
      - 0
      - 0
      - 0
      - 0
      - 0
      - 0
      - 0
      - 0
      - 0
      - 0
      - 0
      - 0
      - 0
      - 0
      - 0
      - 0
      - 0
      - 0
      - 0
      - 0
      - 0
      - 0
      - 0
      - 0
      - 0
      - 0
      - 0
      - 0
      - 0
      - 0
      - 0
      - 0
      - 0
      - 0
      - 0
      - 0
    - - 0
      - 0
      - 0
      - 0
      - 0
      - 0
      - 0
      - 0
      - 0
      - 0
      - 0
      - 0
      - 0
      - 0
      - 0
      - 0
      - 0
      - 0
      - 0
      - 0
      - 0
      - 0
      - 0
      - 0
      - 0
      - 0
      - 0
      - 0
      - 0
      - 0
      - 0
      - 0
      - 0
      - 0
      - 0
      - 0
      - 0
      - 0
      - 0
      - 0
      - 0
      - 0
    - - 0
      - 0
      - 0
      - 0
      - 0
      - 0
      - 0
      - 0
      - 0
      - 0
      - 0
      - 0
      - 0
      - 0
      - 0
      - 0
      - 0
      - 0
      - 0
      - 0
      - 0
      - 0
      - 0
      - 0
      - 0
      - 0
      - 0
      - 0
      - 0
      - 0
      - 0
      - 0
      - 0
      - 0
      - 0
      - 0
      - 0
      - 0
      - 0
      - 0
      - 0
      - 0
    - - 0
      - 0
      - 0
      - 0
      - 0
      - 0
      - 0
      - 0
      - 0
      - 0
      - 0
      - 0
      - 0
      - 0
      - 0
      - 0
      - 0
      - 0
      - 0
      - 0
      - 0
      - 0
      - 0
      - 0
      - 0
      - 0
      - 0
      - 0
      - 0
      - 0
      - 0
      - 0
      - 0
      - 0
      - 0
      - 0
      - 0
      - 0
      - 0
      - 0
      - 0
      - 0
    - - 0
      - 0
      - 0
      - 0
      - 0
      - 0
      - 0
      - 0
      - 0
      - 0
      - 0
      - 0
      - 0
      - 0
      - 0
      - 0
      - 0
      - 0
      - 0
      - 0
      - 0
      - 0
      - 0
      - 0
      - 0
      - 0
      - 0
      - 0
      - 0
      - 0
      - 0
      - 0
      - 0
      - 0
      - 0
      - 0
      - 0
      - 0
      - 0
      - 0
      - 0
      - 0
    - - 0
      - 0
      - 0
      - 0
      - 0
      - 0
      - 0
      - 0
      - 0
      - 0
      - 0
      - 0
      - 0
      - 0
      - 0
      - 0
      - 0
      - 0
      - 0
      - 0
      - 0
      - 0
      - 0
      - 0
      - 0
      - 0
      - 0
      - 0
      - 0
      - 0
      - 0
      - 0
      - 0
      - 0
      - 0
      - 0
      - 0
      - 0
      - 0
      - 0
      - 0
      - 0
    - - 0
      - 0
      - 0
      - 0
      - 0
      - 0
      - 0
      - 0
      - 0
      - 0
      - 0
      - 0
      - 0
      - 0
      - 0
      - 0
      - 0
      - 0
      - 0
      - 0
      - 0
      - 0
      - 0
      - 0
      - 0
      - 0
      - 0
      - 0
      - 0
      - 0
      - 0
      - 0
      - 0
      - 0
      - 0
      - 0
      - 0
      - 0
      - 0
      - 0
      - 0
      - 0
    - - 0
      - 0
      - 0
      - 0
      - 0
      - 0
      - 0
      - 0
      - 0
      - 0
      - 0
      - 0
      - 0
      - 0
      - 0
      - 0
      - 0
      - 0
      - 0
      - 0
      - 0
      - 0
      - 0
      - 0
      - 0
      - 0
      - 0
      - 0
      - 0
      - 0
      - 0
      - 0
      - 0
      - 0
      - 0
      - 0
      - 0
      - 0
      - 0
      - 0
      - 0
      - 0
    - - 0
      - 0
      - 0
      - 0
      - 0
      - 0
      - 0
      - 0
      - 0
      - 0
      - 0
      - 0
      - 0
      - 0
      - 0
      - 0
      - 0
      - 0
      - 0
      - 0
      - 0
      - 0
      - 0
      - 0
      - 0
      - 0
      - 0
      - 0
      - 0
      - 0
      - 0
      - 0
      - 0
      - 0
      - 0
      - 0
      - 0
      - 0
      - 0
      - 0
      - 0
      - 0
    - - 0
      - 0
      - 0
      - 0
      - 0
      - 0
      - 0
      - 0
      - 0
      - 0
      - 0
      - 0
      - 0
      - 0
      - 0
      - 0
      - 0
      - 0
      - 0
      - 0
      - 0
      - 0
      - 0
      - 0
      - 0
      - 0
      - 0
      - 0
      - 0
      - 0
      - 0
      - 0
      - 0
      - 0
      - 0
      - 0
      - 0
      - 0
      - 0
      - 0
      - 0
      - 0
    - - 0
      - 0
      - 0
      - 0
      - 0
      - 0
      - 0
      - 0
      - 0
      - 0
      - 0
      - 0
      - 0
      - 0
      - 0
      - 0
      - 0
      - 0
      - 0
      - 0
      - 0
      - 0
      - 0
      - 0
      - 0
      - 0
      - 0
      - 0
      - 0
      - 0
      - 0
      - 0
      - 0
      - 0
      - 0
      - 0
      - 0
      - 0
      - 0
      - 0
      - 0
      - 0
    - - 0
      - 0
      - 0
      - 0
      - 0
      - 0
      - 0
      - 0
      - 0
      - 0
      - 0
      - 0
      - 0
      - 0
      - 0
      - 0
      - 0
      - 0
      - 0
      - 0
      - 0
      - 0
      - 0
      - 0
      - 0
      - 0
      - 0
      - 0
      - 0
      - 0
      - 0
      - 0
      - 0
      - 0
      - 0
      - 0
      - 0
      - 0
      - 0
      - 0
      - 0
      - 0
    - - 0
      - 0
      - 0
      - 0
      - 0
      - 0
      - 0
      - 0
      - 0
      - 0
      - 0
      - 0
      - 0
      - 0
      - 0
      - 0
      - 0
      - 0
      - 0
      - 0
      - 0
      - 0
      - 0
      - 0
      - 0
      - 0
      - 0
      - 0
      - 0
      - 0
      - 0
      - 0
      - 0
      - 0
      - 0
      - 0
      - 0
      - 0
      - 0
      - 0
      - 0
      - 0
    - - 0
      - 0
      - 0
      - 0
      - 0
      - 0
      - 0
      - 0
      - 0
      - 0
      - 0
      - 0
      - 0
      - 0
      - 0
      - 0
      - 0
      - 0
      - 0
      - 0
      - 0
      - 0
      - 0
      - 0
      - 0
      - 0
      - 0
      - 0
      - 0
      - 0
      - 0
      - 0
      - 0
      - 0
      - 0
      - 0
      - 0
      - 0
      - 0
      - 0
      - 0
      - 0
    - - 0
      - 0
      - 0
      - 0
      - 0
      - 0
      - 0
      - 0
      - 0
      - 0
      - 0
      - 0
      - 0
      - 0
      - 0
      - 0
      - 0
      - 0
      - 0
      - 0
      - 0
      - 0
      - 0
      - 0
      - 0
      - 0
      - 0
      - 0
      - 0
      - 0
      - 0
      - 0
      - 0
      - 0
      - 0
      - 0
      - 0
      - 0
      - 0
      - 0
      - 0
      - 0
    - - 0
      - 0
      - 0
      - 0
      - 0
      - 0
      - 0
      - 0
      - 0
      - 0
      - 0
      - 0
      - 0
      - 0
      - 0
      - 0
      - 0
      - 0
      - 0
      - 0
      - 0
      - 0
      - 0
      - 0
      - 0
      - 0
      - 0
      - 0
      - 0
      - 0
      - 0
      - 0
      - 0
      - 0
      - 0
      - 0
      - 0
      - 0
      - 0
      - 0
      - 0
      - 0
    - - 0
      - 0
      - 0
      - 0
      - 0
      - 0
      - 0
      - 0
      - 0
      - 0
      - 0
      - 0
      - 0
      - 0
      - 0
      - 0
      - 0
      - 0
      - 0
      - 0
      - 0
      - 0
      - 0
      - 0
      - 0
      - 0
      - 0
      - 0
      - 0
      - 0
      - 0
      - 0
      - 0
      - 0
      - 0
      - 0
      - 0
      - 0
      - 0
      - 0
      - 0
      - 0
    - - 0
      - 0
      - 0
      - 0
      - 0
      - 0
      - 0
      - 0
      - 0
      - 0
      - 0
      - 0
      - 0
      - 0
      - 0
      - 0
      - 0
      - 0
      - 0
      - 0
      - 0
      - 0
      - 0
      - 0
      - 0
      - 0
      - 0
      - 0
      - 0
      - 0
      - 0
      - 0
      - 0
      - 0
      - 0
      - 0
      - 0
      - 0
      - 0
      - 0
      - 0
      - 0
    - - 0
      - 0
      - 0
      - 0
      - 0
      - 0
      - 0
      - 0
      - 0
      - 0
      - 0
      - 0
      - 0
      - 0
      - 0
      - 0
      - 0
      - 0
      - 0
      - 0
      - 0
      - 0
      - 0
      - 0
      - 0
      - 0
      - 0
      - 0
      - 0
      - 0
      - 0
      - 0
      - 0
      - 0
      - 0
      - 0
      - 0
      - 0
      - 0
      - 0
      - 0
      - 0
    - - 0
      - 0
      - 0
      - 0
      - 0
      - 0
      - 0
      - 0
      - 0
      - 0
      - 0
      - 0
      - 0
      - 0
      - 0
      - 0
      - 0
      - 0
      - 0
      - 0
      - 0
      - 0
      - 0
      - 0
      - 0
      - 0
      - 0
      - 0
      - 0
      - 0
      - 0
      - 0
      - 0
      - 0
      - 0
      - 0
      - 0
      - 0
      - 0
      - 0
      - 0
      - 0
    - - 0
      - 0
      - 0
      - 0
      - 0
      - 0
      - 0
      - 0
      - 0
      - 0
      - 0
      - 0
      - 0
      - 0
      - 0
      - 0
      - 0
      - 0
      - 0
      - 0
      - 0
      - 0
      - 0
      - 0
      - 0
      - 0
      - 0
      - 0
      - 0
      - 0
      - 0
      - 0
      - 0
      - 0
      - 0
      - 0
      - 0
      - 0
      - 0
      - 0
      - 0
      - 0
  per_class:
    unanswerable:
      precision: 0.0
      recall: 0.0
      f1: 0.0
      support: 20.0
      predicted: 0.0
      true_positive: 0.0
      false_positive: 0.0
      false_negative: 20.0
    answerable:
      precision: 0.0
      recall: 0.0
      f1: 0.0
      support: 20.0
      predicted: 0.0
      true_positive: 0.0
      false_positive: 0.0
      false_negative: 20.0
    No, this is a good picture.:
      precision: 0.0
      recall: 0.0
      f1: 0.0
      support: 0.0
      predicted: 1.0
      true_positive: 0.0
      false_positive: 1.0
      false_negative: 0.0
    The medicine is called "Time Release Night Time.":
      precision: 0.0
      recall: 0.0
      f1: 0.0
      support: 0.0
      predicted: 1.0
      true_positive: 0.0
      false_positive: 1.0
      false_negative: 0.0
    10 years.:
      precision: 0.0
      recall: 0.0
      f1: 0.0
      support: 0.0
      predicted: 1.0
      true_positive: 0.0
      false_positive: 1.0
      false_negative: 0.0
    The blue one is on the right side.:
      precision: 0.0
      recall: 0.0
      f1: 0.0
      support: 0.0
      predicted: 1.0
      true_positive: 0.0
      false_positive: 1.0
      false_negative: 0.0
    The arrow is pointing to the left.:
      precision: 0.0
      recall: 0.0
      f1: 0.0
      support: 0.0
      predicted: 1.0
      true_positive: 0.0
      false_positive: 1.0
      false_negative: 0.0
    Windows.:
      precision: 0.0
      recall: 0.0
      f1: 0.0
      support: 0.0
      predicted: 1.0
      true_positive: 0.0
      false_positive: 1.0
      false_negative: 0.0
    There is a light on the laptop screen.:
      precision: 0.0
      recall: 0.0
      f1: 0.0
      support: 0.0
      predicted: 1.0
      true_positive: 0.0
      false_positive: 1.0
      false_negative: 0.0
    The model number is 031A and the serial number is 3MEH:
      precision: 0.0
      recall: 0.0
      f1: 0.0
      support: 0.0
      predicted: 1.0
      true_positive: 0.0
      false_positive: 1.0
      false_negative: 0.0
    It is a shampoo.:
      precision: 0.0
      recall: 0.0
      f1: 0.0
      support: 0.0
      predicted: 1.0
      true_positive: 0.0
      false_positive: 1.0
      false_negative: 0.0
    There is a building, trees, and a car visible outside the window.:
      precision: 0.0
      recall: 0.0
      f1: 0.0
      support: 0.0
      predicted: 1.0
      true_positive: 0.0
      false_positive: 1.0
      false_negative: 0.0
    There is a hoarding in the image.:
      precision: 0.0
      recall: 0.0
      f1: 0.0
      support: 0.0
      predicted: 1.0
      true_positive: 0.0
      false_positive: 1.0
      false_negative: 0.0
    White.:
      precision: 0.0
      recall: 0.0
      f1: 0.0
      support: 0.0
      predicted: 1.0
      true_positive: 0.0
      false_positive: 1.0
      false_negative: 0.0
    The piece of mail is from Australia.:
      precision: 0.0
      recall: 0.0
      f1: 0.0
      support: 0.0
      predicted: 1.0
      true_positive: 0.0
      false_positive: 1.0
      false_negative: 0.0
    The mail is for "Bill".:
      precision: 0.0
      recall: 0.0
      f1: 0.0
      support: 0.0
      predicted: 1.0
      true_positive: 0.0
      false_positive: 1.0
      false_negative: 0.0
    Your eye is not visible in the image, as it is a black and white:
      precision: 0.0
      recall: 0.0
      f1: 0.0
      support: 0.0
      predicted: 1.0
      true_positive: 0.0
      false_positive: 1.0
      false_negative: 0.0
    The children's dictionary is the one on the right.:
      precision: 0.0
      recall: 0.0
      f1: 0.0
      support: 0.0
      predicted: 1.0
      true_positive: 0.0
      false_positive: 1.0
      false_negative: 0.0
    A person is touching a container of food that has the word best before on the:
      precision: 0.0
      recall: 0.0
      f1: 0.0
      support: 0.0
      predicted: 1.0
      true_positive: 0.0
      false_positive: 1.0
      false_negative: 0.0
    32 bit.:
      precision: 0.0
      recall: 0.0
      f1: 0.0
      support: 0.0
      predicted: 1.0
      true_positive: 0.0
      false_positive: 1.0
      false_negative: 0.0
    The computer is showing a screen.:
      precision: 0.0
      recall: 0.0
      f1: 0.0
      support: 0.0
      predicted: 1.0
      true_positive: 0.0
      false_positive: 1.0
      false_negative: 0.0
    The tag number is 941.:
      precision: 0.0
      recall: 0.0
      f1: 0.0
      support: 0.0
      predicted: 1.0
      true_positive: 0.0
      false_positive: 1.0
      false_negative: 0.0
    Sbarro.:
      precision: 0.0
      recall: 0.0
      f1: 0.0
      support: 0.0
      predicted: 1.0
      true_positive: 0.0
      false_positive: 1.0
      false_negative: 0.0
    Brown.:
      precision: 0.0
      recall: 0.0
      f1: 0.0
      support: 0.0
      predicted: 1.0
      true_positive: 0.0
      false_positive: 1.0
      false_negative: 0.0
    Yes, this is a bottle.:
      precision: 0.0
      recall: 0.0
      f1: 0.0
      support: 0.0
      predicted: 1.0
      true_positive: 0.0
      false_positive: 1.0
      false_negative: 0.0
    The error message on the Windows screen is "Starting Windows.":
      precision: 0.0
      recall: 0.0
      f1: 0.0
      support: 0.0
      predicted: 1.0
      true_positive: 0.0
      false_positive: 1.0
      false_negative: 0.0
    Sometimes it does this too.  It's great when it works, but when:
      precision: 0.0
      recall: 0.0
      f1: 0.0
      support: 0.0
      predicted: 1.0
      true_positive: 0.0
      false_positive: 1.0
      false_negative: 0.0
    The sky is very ominous in the northwest.:
      precision: 0.0
      recall: 0.0
      f1: 0.0
      support: 0.0
      predicted: 1.0
      true_positive: 0.0
      false_positive: 1.0
      false_negative: 0.0
    The item in the box is 30 Ibuprofen tablets.:
      precision: 0.0
      recall: 0.0
      f1: 0.0
      support: 0.0
      predicted: 1.0
      true_positive: 0.0
      false_positive: 1.0
      false_negative: 0.0
    Advil.:
      precision: 0.0
      recall: 0.0
      f1: 0.0
      support: 0.0
      predicted: 1.0
      true_positive: 0.0
      false_positive: 1.0
      false_negative: 0.0
    Yes, there is a woman in the image.:
      precision: 0.0
      recall: 0.0
      f1: 0.0
      support: 0.0
      predicted: 1.0
      true_positive: 0.0
      false_positive: 1.0
      false_negative: 0.0
    A screen with the word questions at the top.:
      precision: 0.0
      recall: 0.0
      f1: 0.0
      support: 0.0
      predicted: 1.0
      true_positive: 0.0
      false_positive: 1.0
      false_negative: 0.0
    It says "extra charge for any cups & plates".:
      precision: 0.0
      recall: 0.0
      f1: 0.0
      support: 0.0
      predicted: 1.0
      true_positive: 0.0
      false_positive: 1.0
      false_negative: 0.0
    The screen displays a warning message.:
      precision: 0.0
      recall: 0.0
      f1: 0.0
      support: 0.0
      predicted: 1.0
      true_positive: 0.0
      false_positive: 1.0
      false_negative: 0.0
    The image depicts a computer screen displaying a software application. The application appears to be:
      precision: 0.0
      recall: 0.0
      f1: 0.0
      support: 0.0
      predicted: 1.0
      true_positive: 0.0
      false_positive: 1.0
      false_negative: 0.0
    There is no bottle present on the screen; it is a blurry image.:
      precision: 0.0
      recall: 0.0
      f1: 0.0
      support: 0.0
      predicted: 1.0
      true_positive: 0.0
      false_positive: 1.0
      false_negative: 0.0
    The size of the TV cannot be determined from the image alone.:
      precision: 0.0
      recall: 0.0
      f1: 0.0
      support: 0.0
      predicted: 1.0
      true_positive: 0.0
      false_positive: 1.0
      false_negative: 0.0
    The note has a picture of two people on it and says Jennifer Gardner.:
      precision: 0.0
      recall: 0.0
      f1: 0.0
      support: 0.0
      predicted: 1.0
      true_positive: 0.0
      false_positive: 1.0
      false_negative: 0.0
    A label with the letters "KE" is on a white background.:
      precision: 0.0
      recall: 0.0
      f1: 0.0
      support: 0.0
      predicted: 1.0
      true_positive: 0.0
      false_positive: 1.0
      false_negative: 0.0
    This is a photograph.:
      precision: 0.0
      recall: 0.0
      f1: 0.0
      support: 0.0
      predicted: 1.0
      true_positive: 0.0
      false_positive: 1.0
      false_negative: 0.0
    The food packaging contains a Tesco's Indian meal.:
      precision: 0.0
      recall: 0.0
      f1: 0.0
      support: 0.0
      predicted: 1.0
      true_positive: 0.0
      false_positive: 1.0
      false_negative: 0.0
    The receipt is about a purchase, and there is a phone number on it.:
      precision: 0.0
      recall: 0.0
      f1: 0.0
      support: 0.0
      predicted: 1.0
      true_positive: 0.0
      false_positive: 1.0
      false_negative: 0.0
  macro_precision: 0.0
  macro_recall: 0.0
  macro_f1: 0.0
  balanced_accuracy: 0.0
saved:
  metrics: /root/autodl-tmp/FGVC/swap/paper/outputs/20260327_020651_c4_cross_model/c4_cross_model_vizwiz_seed42_zero_shot_idefics3_20260327_020651.metrics.json
  predictions: /root/autodl-tmp/FGVC/swap/paper/outputs/20260327_020651_c4_cross_model/c4_cross_model_vizwiz_seed42_zero_shot_idefics3_20260327_020651.predictions.jsonl
  diagnostics: /root/autodl-tmp/FGVC/swap/paper/outputs/20260327_020651_c4_cross_model/c4_cross_model_vizwiz_seed42_zero_shot_idefics3_20260327_020651.diagnostics.json

