# worker=main
# CUDA_VISIBLE_DEVICES=inherit
# command=/root/autodl-tmp/FGVC/.venv/bin/python3 /root/autodl-tmp/FGVC/main.py model=idefics3 dataset=general_custom method=rsev2 evaluator=pair dataset.name=sugarcrepe dataset.train_path=/root/autodl-tmp/FGVC/swap/paper/subsets/20260327_020651_c4_cross_model/seed_42/sugarcrepe/train_subset.jsonl dataset.val_path=/root/autodl-tmp/FGVC/swap/paper/subsets/20260327_020651_c4_cross_model/seed_42/sugarcrepe/val_subset.jsonl run.output_dir=/root/autodl-tmp/FGVC/swap/paper/outputs/20260327_020651_c4_cross_model run.run_name=c4_cross_model_sugarcrepe_seed42_rsev2_idefics3_20260327_020651 run.progress_bar=false run.save_predictions=false run.seed=42 method.params.progress_bar=false

Loading weights:   0%|          | 0/729 [00:00<?, ?it/s]Loading weights:   0%|          | 1/729 [00:00<01:32,  7.86it/s]Loading weights:   0%|          | 3/729 [00:00<01:14,  9.69it/s]Loading weights:   1%|          | 9/729 [00:00<00:59, 12.14it/s]Loading weights:   8%|▊         | 59/729 [00:01<00:12, 54.48it/s]Loading weights:  18%|█▊        | 131/729 [00:01<00:04, 129.70it/s]Loading weights:  21%|██        | 153/729 [00:02<00:08, 65.04it/s] Loading weights:  34%|███▎      | 246/729 [00:02<00:03, 122.36it/s]Loading weights:  39%|███▉      | 285/729 [00:02<00:03, 146.39it/s]Loading weights:  55%|█████▌    | 401/729 [00:02<00:01, 268.27it/s]Loading weights:  93%|█████████▎| 677/729 [00:02<00:00, 633.32it/s]Loading weights: 100%|██████████| 729/729 [00:03<00:00, 242.91it/s]
metrics:
  metric: pair_accuracy
  pair_accuracy: 0.5
  pair_correct: 10.0
  pair_total: 20.0
  raw_accuracy: 0.75
  label_order:
  - 'Yes'
  - 'No'
  confusion_matrix:
    labels:
    - 'Yes'
    - 'No'
    matrix:
    - - 18
      - 2
    - - 8
      - 12
  per_class:
    'Yes':
      precision: 0.6923076923076923
      recall: 0.9
      f1: 0.7826086956521738
      support: 20.0
      predicted: 26.0
      true_positive: 18.0
      false_positive: 8.0
      false_negative: 2.0
    'No':
      precision: 0.8571428571428571
      recall: 0.6
      f1: 0.7058823529411764
      support: 20.0
      predicted: 14.0
      true_positive: 12.0
      false_positive: 2.0
      false_negative: 8.0
  macro_precision: 0.7747252747252746
  macro_recall: 0.75
  macro_f1: 0.7442455242966751
  balanced_accuracy: 0.75
saved:
  metrics: /root/autodl-tmp/FGVC/swap/paper/outputs/20260327_020651_c4_cross_model/c4_cross_model_sugarcrepe_seed42_rsev2_idefics3_20260327_020651.metrics.json
  predictions: /root/autodl-tmp/FGVC/swap/paper/outputs/20260327_020651_c4_cross_model/c4_cross_model_sugarcrepe_seed42_rsev2_idefics3_20260327_020651.predictions.jsonl
  diagnostics: /root/autodl-tmp/FGVC/swap/paper/outputs/20260327_020651_c4_cross_model/c4_cross_model_sugarcrepe_seed42_rsev2_idefics3_20260327_020651.diagnostics.json

