# worker=main
# CUDA_VISIBLE_DEVICES=inherit
# command=/root/autodl-tmp/FGVC/.venv/bin/python3 /root/autodl-tmp/FGVC/main.py model=idefics3 dataset=general_custom method=sav evaluator=raw dataset.name=vlguard dataset.train_path=/root/autodl-tmp/FGVC/swap/paper/subsets/20260327_020651_c4_cross_model/seed_42/vlguard/train_subset.json dataset.val_path=/root/autodl-tmp/FGVC/swap/paper/subsets/20260327_020651_c4_cross_model/seed_42/vlguard/val_subset.json run.output_dir=/root/autodl-tmp/FGVC/swap/paper/outputs/20260327_020651_c4_cross_model run.run_name=c4_cross_model_vlguard_seed42_sav_idefics3_20260327_020651 run.progress_bar=false run.save_predictions=false run.seed=42 method.params.progress_bar=false

Loading weights:   0%|          | 0/729 [00:00<?, ?it/s]Loading weights:   0%|          | 1/729 [00:00<01:32,  7.90it/s]Loading weights:   0%|          | 2/729 [00:00<01:58,  6.13it/s]Loading weights:   2%|▏         | 14/729 [00:01<01:11,  9.99it/s]Loading weights:   2%|▏         | 15/729 [00:01<01:42,  6.93it/s]Loading weights:  23%|██▎       | 166/729 [00:02<00:06, 87.92it/s]Loading weights:  74%|███████▍  | 540/729 [00:02<00:00, 356.42it/s]Loading weights: 100%|██████████| 729/729 [00:02<00:00, 249.19it/s]
metrics:
  metric: raw_accuracy
  accuracy: 1.0
  correct: 40.0
  total: 40.0
  label_order:
  - unharmful
  - harmful
  confusion_matrix:
    labels:
    - unharmful
    - harmful
    matrix:
    - - 20
      - 0
    - - 0
      - 20
  per_class:
    unharmful:
      precision: 1.0
      recall: 1.0
      f1: 1.0
      support: 20.0
      predicted: 20.0
      true_positive: 20.0
      false_positive: 0.0
      false_negative: 0.0
    harmful:
      precision: 1.0
      recall: 1.0
      f1: 1.0
      support: 20.0
      predicted: 20.0
      true_positive: 20.0
      false_positive: 0.0
      false_negative: 0.0
  macro_precision: 1.0
  macro_recall: 1.0
  macro_f1: 1.0
  balanced_accuracy: 1.0
saved:
  metrics: /root/autodl-tmp/FGVC/swap/paper/outputs/20260327_020651_c4_cross_model/c4_cross_model_vlguard_seed42_sav_idefics3_20260327_020651.metrics.json
  predictions: /root/autodl-tmp/FGVC/swap/paper/outputs/20260327_020651_c4_cross_model/c4_cross_model_vlguard_seed42_sav_idefics3_20260327_020651.predictions.jsonl
  diagnostics: /root/autodl-tmp/FGVC/swap/paper/outputs/20260327_020651_c4_cross_model/c4_cross_model_vlguard_seed42_sav_idefics3_20260327_020651.diagnostics.json

