# worker=worker_3
# CUDA_VISIBLE_DEVICES=2
# command=/root/autodl-tmp/FGVC/.venv/bin/python3 /root/autodl-tmp/FGVC/main.py model=idefics3 dataset=general_custom method=zero_shot evaluator=raw dataset.name=blink_visual_correspondence dataset.train_path=/root/autodl-tmp/FGVC/swap/paper/subsets/20260325_095501_c1_main_results/seed_43/blink_visual_correspondence/train_subset.json dataset.val_path=/root/autodl-tmp/FGVC/swap/paper/subsets/20260325_095501_c1_main_results/seed_43/blink_visual_correspondence/val_subset.json run.output_dir=/root/autodl-tmp/FGVC/swap/paper/outputs/20260325_095501_c1_main_results run.run_name=c1_main_results_blink_visual_correspondence_seed43_zero_shot_idefics3_20260325_095501 run.progress_bar=false run.save_predictions=false run.seed=43

Loading weights:   0%|          | 0/729 [00:00<?, ?it/s]Loading weights:   0%|          | 1/729 [00:00<02:30,  4.85it/s]Loading weights:   0%|          | 3/729 [00:00<01:50,  6.57it/s]Loading weights:   1%|          | 7/729 [00:00<00:48, 14.98it/s]Loading weights:   2%|▏         | 14/729 [00:02<01:59,  5.99it/s]Loading weights:  20%|█▉        | 143/729 [00:02<00:06, 92.18it/s]Loading weights:  23%|██▎       | 170/729 [00:02<00:05, 96.44it/s]Loading weights:  26%|██▋       | 192/729 [00:02<00:05, 92.69it/s]Loading weights:  29%|██▊       | 209/729 [00:03<00:05, 91.85it/s]Loading weights:  31%|███       | 227/729 [00:03<00:04, 101.86it/s]Loading weights:  33%|███▎      | 243/729 [00:03<00:04, 97.35it/s] Loading weights:  35%|███▌      | 257/729 [00:03<00:04, 95.20it/s]Loading weights:  37%|███▋      | 269/729 [00:03<00:05, 91.69it/s]Loading weights:  38%|███▊      | 280/729 [00:03<00:04, 90.55it/s]Loading weights:  40%|███▉      | 291/729 [00:03<00:04, 94.44it/s]Loading weights:  70%|██████▉   | 508/729 [00:03<00:00, 552.89it/s]Loading weights: 100%|██████████| 729/729 [00:04<00:00, 178.82it/s]
The following generation flags are not valid and may be ignored: ['temperature']. Set `TRANSFORMERS_VERBOSITY=info` for more details.
metrics:
  metric: raw_accuracy
  accuracy: 0.0
  correct: 0.0
  total: 20.0
  label_order:
  - (C)
  - (A)
  - (B)
  - (D)
  - 'Answer: B'
  - 'Answer: A'
  - Answer:A
  - 'Answer: D'
  - 'Answer: C'
  confusion_matrix:
    labels:
    - (C)
    - (A)
    - (B)
    - (D)
    - 'Answer: B'
    - 'Answer: A'
    - Answer:A
    - 'Answer: D'
    - 'Answer: C'
    matrix:
    - - 0
      - 0
      - 0
      - 0
      - 1
      - 3
      - 1
      - 0
      - 0
    - - 0
      - 0
      - 0
      - 0
      - 0
      - 3
      - 0
      - 2
      - 0
    - - 0
      - 0
      - 0
      - 0
      - 2
      - 1
      - 1
      - 0
      - 1
    - - 0
      - 0
      - 0
      - 0
      - 1
      - 0
      - 3
      - 1
      - 0
    - - 0
      - 0
      - 0
      - 0
      - 0
      - 0
      - 0
      - 0
      - 0
    - - 0
      - 0
      - 0
      - 0
      - 0
      - 0
      - 0
      - 0
      - 0
    - - 0
      - 0
      - 0
      - 0
      - 0
      - 0
      - 0
      - 0
      - 0
    - - 0
      - 0
      - 0
      - 0
      - 0
      - 0
      - 0
      - 0
      - 0
    - - 0
      - 0
      - 0
      - 0
      - 0
      - 0
      - 0
      - 0
      - 0
  per_class:
    (C):
      precision: 0.0
      recall: 0.0
      f1: 0.0
      support: 5.0
      predicted: 0.0
      true_positive: 0.0
      false_positive: 0.0
      false_negative: 5.0
    (A):
      precision: 0.0
      recall: 0.0
      f1: 0.0
      support: 5.0
      predicted: 0.0
      true_positive: 0.0
      false_positive: 0.0
      false_negative: 5.0
    (B):
      precision: 0.0
      recall: 0.0
      f1: 0.0
      support: 5.0
      predicted: 0.0
      true_positive: 0.0
      false_positive: 0.0
      false_negative: 5.0
    (D):
      precision: 0.0
      recall: 0.0
      f1: 0.0
      support: 5.0
      predicted: 0.0
      true_positive: 0.0
      false_positive: 0.0
      false_negative: 5.0
    'Answer: B':
      precision: 0.0
      recall: 0.0
      f1: 0.0
      support: 0.0
      predicted: 4.0
      true_positive: 0.0
      false_positive: 4.0
      false_negative: 0.0
    'Answer: A':
      precision: 0.0
      recall: 0.0
      f1: 0.0
      support: 0.0
      predicted: 7.0
      true_positive: 0.0
      false_positive: 7.0
      false_negative: 0.0
    Answer:A:
      precision: 0.0
      recall: 0.0
      f1: 0.0
      support: 0.0
      predicted: 5.0
      true_positive: 0.0
      false_positive: 5.0
      false_negative: 0.0
    'Answer: D':
      precision: 0.0
      recall: 0.0
      f1: 0.0
      support: 0.0
      predicted: 3.0
      true_positive: 0.0
      false_positive: 3.0
      false_negative: 0.0
    'Answer: C':
      precision: 0.0
      recall: 0.0
      f1: 0.0
      support: 0.0
      predicted: 1.0
      true_positive: 0.0
      false_positive: 1.0
      false_negative: 0.0
  macro_precision: 0.0
  macro_recall: 0.0
  macro_f1: 0.0
  balanced_accuracy: 0.0
saved:
  metrics: /root/autodl-tmp/FGVC/swap/paper/outputs/20260325_095501_c1_main_results/c1_main_results_blink_visual_correspondence_seed43_zero_shot_idefics3_20260325_095501.metrics.json
  predictions: /root/autodl-tmp/FGVC/swap/paper/outputs/20260325_095501_c1_main_results/c1_main_results_blink_visual_correspondence_seed43_zero_shot_idefics3_20260325_095501.predictions.jsonl
  diagnostics: /root/autodl-tmp/FGVC/swap/paper/outputs/20260325_095501_c1_main_results/c1_main_results_blink_visual_correspondence_seed43_zero_shot_idefics3_20260325_095501.diagnostics.json

