# worker=main
# CUDA_VISIBLE_DEVICES=inherit
# command=/root/autodl-tmp/FGVC/.venv/bin/python3 /root/autodl-tmp/FGVC/main.py model=idefics3 dataset=general_custom method=sav evaluator=pair dataset.name=sugarcrepe dataset.train_path=/root/autodl-tmp/FGVC/swap/paper/subsets/20260327_020551_c3_efficiency/seed_42/sugarcrepe/train_subset.jsonl dataset.val_path=/root/autodl-tmp/FGVC/swap/paper/subsets/20260327_020551_c3_efficiency/seed_42/sugarcrepe/val_subset.jsonl run.output_dir=/root/autodl-tmp/FGVC/swap/paper/outputs/20260327_020551_c3_efficiency run.run_name=c3_efficiency_sugarcrepe_seed42_sav_idefics3_20260327_020551 run.progress_bar=false run.save_predictions=false run.seed=42 method.params.progress_bar=false

Loading weights:   0%|          | 0/729 [00:00<?, ?it/s]Loading weights:   0%|          | 1/729 [00:00<01:35,  7.64it/s]Loading weights:   0%|          | 3/729 [00:00<02:18,  5.22it/s]Loading weights:   1%|          | 5/729 [00:00<02:14,  5.37it/s]Loading weights:  11%|█         | 80/729 [00:01<00:05, 113.80it/s]Loading weights:  14%|█▍        | 102/729 [00:01<00:07, 84.69it/s]Loading weights:  21%|██        | 151/729 [00:01<00:04, 137.78it/s]Loading weights:  24%|██▍       | 175/729 [00:02<00:08, 64.14it/s] Loading weights:  37%|███▋      | 273/729 [00:02<00:03, 137.20it/s]Loading weights:  61%|██████▏   | 447/729 [00:02<00:00, 307.00it/s]Loading weights: 100%|██████████| 729/729 [00:02<00:00, 246.32it/s]
metrics:
  metric: pair_accuracy
  pair_accuracy: 0.2
  pair_correct: 4.0
  pair_total: 20.0
  raw_accuracy: 0.6
  label_order:
  - 'Yes'
  - 'No'
  confusion_matrix:
    labels:
    - 'Yes'
    - 'No'
    matrix:
    - - 12
      - 8
    - - 8
      - 12
  per_class:
    'Yes':
      precision: 0.6
      recall: 0.6
      f1: 0.6
      support: 20.0
      predicted: 20.0
      true_positive: 12.0
      false_positive: 8.0
      false_negative: 8.0
    'No':
      precision: 0.6
      recall: 0.6
      f1: 0.6
      support: 20.0
      predicted: 20.0
      true_positive: 12.0
      false_positive: 8.0
      false_negative: 8.0
  macro_precision: 0.6
  macro_recall: 0.6
  macro_f1: 0.6
  balanced_accuracy: 0.6
saved:
  metrics: /root/autodl-tmp/FGVC/swap/paper/outputs/20260327_020551_c3_efficiency/c3_efficiency_sugarcrepe_seed42_sav_idefics3_20260327_020551.metrics.json
  predictions: /root/autodl-tmp/FGVC/swap/paper/outputs/20260327_020551_c3_efficiency/c3_efficiency_sugarcrepe_seed42_sav_idefics3_20260327_020551.predictions.jsonl
  diagnostics: /root/autodl-tmp/FGVC/swap/paper/outputs/20260327_020551_c3_efficiency/c3_efficiency_sugarcrepe_seed42_sav_idefics3_20260327_020551.diagnostics.json

