# worker=main
# CUDA_VISIBLE_DEVICES=inherit
# command=/root/autodl-tmp/FGVC/.venv/bin/python3 /root/autodl-tmp/FGVC/main.py model=idefics3 dataset=general_custom method=sav evaluator=raw dataset.name=vlguard dataset.train_path=/root/autodl-tmp/FGVC/swap/paper/subsets/20260327_020551_c3_efficiency/seed_42/vlguard/train_subset.json dataset.val_path=/root/autodl-tmp/FGVC/swap/paper/subsets/20260327_020551_c3_efficiency/seed_42/vlguard/val_subset.json run.output_dir=/root/autodl-tmp/FGVC/swap/paper/outputs/20260327_020551_c3_efficiency run.run_name=c3_efficiency_vlguard_seed42_sav_idefics3_20260327_020551 run.progress_bar=false run.save_predictions=false run.seed=42 method.params.progress_bar=false

Loading weights:   0%|          | 0/729 [00:00<?, ?it/s]Loading weights:   0%|          | 1/729 [00:00<11:31,  1.05it/s]Loading weights:  11%|█         | 79/729 [00:01<00:06, 95.68it/s]Loading weights:  15%|█▍        | 109/729 [00:01<00:08, 70.08it/s]Loading weights:  24%|██▍       | 178/729 [00:02<00:06, 88.64it/s]Loading weights:  34%|███▎      | 246/729 [00:02<00:04, 108.81it/s]Loading weights:  70%|██████▉   | 507/729 [00:02<00:00, 332.09it/s]Loading weights: 100%|██████████| 729/729 [00:02<00:00, 246.05it/s]
metrics:
  metric: raw_accuracy
  accuracy: 1.0
  correct: 40.0
  total: 40.0
  label_order:
  - unharmful
  - harmful
  confusion_matrix:
    labels:
    - unharmful
    - harmful
    matrix:
    - - 20
      - 0
    - - 0
      - 20
  per_class:
    unharmful:
      precision: 1.0
      recall: 1.0
      f1: 1.0
      support: 20.0
      predicted: 20.0
      true_positive: 20.0
      false_positive: 0.0
      false_negative: 0.0
    harmful:
      precision: 1.0
      recall: 1.0
      f1: 1.0
      support: 20.0
      predicted: 20.0
      true_positive: 20.0
      false_positive: 0.0
      false_negative: 0.0
  macro_precision: 1.0
  macro_recall: 1.0
  macro_f1: 1.0
  balanced_accuracy: 1.0
saved:
  metrics: /root/autodl-tmp/FGVC/swap/paper/outputs/20260327_020551_c3_efficiency/c3_efficiency_vlguard_seed42_sav_idefics3_20260327_020551.metrics.json
  predictions: /root/autodl-tmp/FGVC/swap/paper/outputs/20260327_020551_c3_efficiency/c3_efficiency_vlguard_seed42_sav_idefics3_20260327_020551.predictions.jsonl
  diagnostics: /root/autodl-tmp/FGVC/swap/paper/outputs/20260327_020551_c3_efficiency/c3_efficiency_vlguard_seed42_sav_idefics3_20260327_020551.diagnostics.json

