# worker=main
# CUDA_VISIBLE_DEVICES=inherit
# command=/root/autodl-tmp/FGVC/.venv/bin/python3 /root/autodl-tmp/FGVC/main.py model=idefics3 dataset=general_custom method=i2cl evaluator=raw dataset.name=eurosat dataset.train_path=/root/autodl-tmp/FGVC/swap/paper/subsets/20260327_020551_c3_efficiency/seed_42/eurosat_fgvc/train_subset.json dataset.val_path=/root/autodl-tmp/FGVC/swap/paper/subsets/20260327_020551_c3_efficiency/seed_42/eurosat_fgvc/val_subset.json run.output_dir=/root/autodl-tmp/FGVC/swap/paper/outputs/20260327_020551_c3_efficiency run.run_name=c3_efficiency_eurosat_fgvc_seed42_i2cl_idefics3_20260327_020551 run.progress_bar=false run.save_predictions=false run.seed=42 method.params.progress_bar=false

Loading weights:   0%|          | 0/729 [00:00<?, ?it/s]Loading weights:   0%|          | 1/729 [00:00<01:35,  7.60it/s]Loading weights:   0%|          | 3/729 [00:00<01:15,  9.58it/s]Loading weights:   1%|          | 5/729 [00:00<02:27,  4.90it/s]Loading weights:  10%|▉         | 71/729 [00:02<00:18, 36.01it/s]Loading weights:  10%|█         | 74/729 [00:02<00:23, 27.52it/s]Loading weights:  77%|███████▋  | 559/729 [00:02<00:00, 371.51it/s]Loading weights: 100%|██████████| 729/729 [00:02<00:00, 246.71it/s]
The following generation flags are not valid and may be ignored: ['temperature']. Set `TRANSFORMERS_VERBOSITY=info` for more details.
metrics:
  metric: raw_accuracy
  accuracy: 0.21
  correct: 21.0
  total: 100.0
  label_order:
  - Annual Crop Land
  - Forest
  - Herbaceous Vegetation Land
  - Highway or Road
  - Industrial Buildings
  - Pasture Land
  - Permanent Crop Land
  - Residential Buildings
  - River
  - Sea or Lake
  - 'Answer: A'
  - 'Answer: D'
  - 'Answer: C'
  - A
  - 'Answer: B'
  confusion_matrix:
    labels:
    - Annual Crop Land
    - Forest
    - Herbaceous Vegetation Land
    - Highway or Road
    - Industrial Buildings
    - Pasture Land
    - Permanent Crop Land
    - Residential Buildings
    - River
    - Sea or Lake
    - 'Answer: A'
    - 'Answer: D'
    - 'Answer: C'
    - A
    - 'Answer: B'
    matrix:
    - - 0
      - 0
      - 0
      - 0
      - 0
      - 0
      - 0
      - 0
      - 0
      - 0
      - 9
      - 1
      - 0
      - 0
      - 0
    - - 0
      - 0
      - 0
      - 1
      - 0
      - 0
      - 0
      - 0
      - 1
      - 0
      - 6
      - 0
      - 2
      - 0
      - 0
    - - 0
      - 0
      - 2
      - 0
      - 0
      - 0
      - 0
      - 0
      - 0
      - 1
      - 2
      - 2
      - 1
      - 1
      - 1
    - - 0
      - 0
      - 0
      - 5
      - 0
      - 0
      - 0
      - 0
      - 0
      - 1
      - 3
      - 0
      - 0
      - 0
      - 1
    - - 0
      - 0
      - 0
      - 0
      - 2
      - 0
      - 0
      - 1
      - 0
      - 0
      - 2
      - 0
      - 2
      - 0
      - 3
    - - 0
      - 0
      - 1
      - 1
      - 0
      - 2
      - 0
      - 0
      - 0
      - 1
      - 3
      - 0
      - 2
      - 0
      - 0
    - - 0
      - 0
      - 0
      - 2
      - 0
      - 0
      - 0
      - 0
      - 0
      - 1
      - 6
      - 0
      - 1
      - 0
      - 0
    - - 0
      - 0
      - 0
      - 0
      - 0
      - 0
      - 0
      - 5
      - 0
      - 1
      - 1
      - 0
      - 2
      - 1
      - 0
    - - 0
      - 0
      - 0
      - 0
      - 0
      - 0
      - 0
      - 0
      - 2
      - 1
      - 3
      - 0
      - 2
      - 0
      - 2
    - - 0
      - 0
      - 0
      - 0
      - 0
      - 0
      - 0
      - 0
      - 0
      - 3
      - 4
      - 0
      - 1
      - 0
      - 2
    - - 0
      - 0
      - 0
      - 0
      - 0
      - 0
      - 0
      - 0
      - 0
      - 0
      - 0
      - 0
      - 0
      - 0
      - 0
    - - 0
      - 0
      - 0
      - 0
      - 0
      - 0
      - 0
      - 0
      - 0
      - 0
      - 0
      - 0
      - 0
      - 0
      - 0
    - - 0
      - 0
      - 0
      - 0
      - 0
      - 0
      - 0
      - 0
      - 0
      - 0
      - 0
      - 0
      - 0
      - 0
      - 0
    - - 0
      - 0
      - 0
      - 0
      - 0
      - 0
      - 0
      - 0
      - 0
      - 0
      - 0
      - 0
      - 0
      - 0
      - 0
    - - 0
      - 0
      - 0
      - 0
      - 0
      - 0
      - 0
      - 0
      - 0
      - 0
      - 0
      - 0
      - 0
      - 0
      - 0
  per_class:
    Annual Crop Land:
      precision: 0.0
      recall: 0.0
      f1: 0.0
      support: 10.0
      predicted: 0.0
      true_positive: 0.0
      false_positive: 0.0
      false_negative: 10.0
    Forest:
      precision: 0.0
      recall: 0.0
      f1: 0.0
      support: 10.0
      predicted: 0.0
      true_positive: 0.0
      false_positive: 0.0
      false_negative: 10.0
    Herbaceous Vegetation Land:
      precision: 0.6666666666666666
      recall: 0.2
      f1: 0.30769230769230765
      support: 10.0
      predicted: 3.0
      true_positive: 2.0
      false_positive: 1.0
      false_negative: 8.0
    Highway or Road:
      precision: 0.5555555555555556
      recall: 0.5
      f1: 0.5263157894736842
      support: 10.0
      predicted: 9.0
      true_positive: 5.0
      false_positive: 4.0
      false_negative: 5.0
    Industrial Buildings:
      precision: 1.0
      recall: 0.2
      f1: 0.33333333333333337
      support: 10.0
      predicted: 2.0
      true_positive: 2.0
      false_positive: 0.0
      false_negative: 8.0
    Pasture Land:
      precision: 1.0
      recall: 0.2
      f1: 0.33333333333333337
      support: 10.0
      predicted: 2.0
      true_positive: 2.0
      false_positive: 0.0
      false_negative: 8.0
    Permanent Crop Land:
      precision: 0.0
      recall: 0.0
      f1: 0.0
      support: 10.0
      predicted: 0.0
      true_positive: 0.0
      false_positive: 0.0
      false_negative: 10.0
    Residential Buildings:
      precision: 0.8333333333333334
      recall: 0.5
      f1: 0.625
      support: 10.0
      predicted: 6.0
      true_positive: 5.0
      false_positive: 1.0
      false_negative: 5.0
    River:
      precision: 0.6666666666666666
      recall: 0.2
      f1: 0.30769230769230765
      support: 10.0
      predicted: 3.0
      true_positive: 2.0
      false_positive: 1.0
      false_negative: 8.0
    Sea or Lake:
      precision: 0.3333333333333333
      recall: 0.3
      f1: 0.3157894736842105
      support: 10.0
      predicted: 9.0
      true_positive: 3.0
      false_positive: 6.0
      false_negative: 7.0
    'Answer: A':
      precision: 0.0
      recall: 0.0
      f1: 0.0
      support: 0.0
      predicted: 39.0
      true_positive: 0.0
      false_positive: 39.0
      false_negative: 0.0
    'Answer: D':
      precision: 0.0
      recall: 0.0
      f1: 0.0
      support: 0.0
      predicted: 3.0
      true_positive: 0.0
      false_positive: 3.0
      false_negative: 0.0
    'Answer: C':
      precision: 0.0
      recall: 0.0
      f1: 0.0
      support: 0.0
      predicted: 13.0
      true_positive: 0.0
      false_positive: 13.0
      false_negative: 0.0
    A:
      precision: 0.0
      recall: 0.0
      f1: 0.0
      support: 0.0
      predicted: 2.0
      true_positive: 0.0
      false_positive: 2.0
      false_negative: 0.0
    'Answer: B':
      precision: 0.0
      recall: 0.0
      f1: 0.0
      support: 0.0
      predicted: 9.0
      true_positive: 0.0
      false_positive: 9.0
      false_negative: 0.0
  macro_precision: 0.337037037037037
  macro_recall: 0.14
  macro_f1: 0.18327710301394512
  balanced_accuracy: 0.14
saved:
  metrics: /root/autodl-tmp/FGVC/swap/paper/outputs/20260327_020551_c3_efficiency/c3_efficiency_eurosat_fgvc_seed42_i2cl_idefics3_20260327_020551.metrics.json
  predictions: /root/autodl-tmp/FGVC/swap/paper/outputs/20260327_020551_c3_efficiency/c3_efficiency_eurosat_fgvc_seed42_i2cl_idefics3_20260327_020551.predictions.jsonl
  diagnostics: /root/autodl-tmp/FGVC/swap/paper/outputs/20260327_020551_c3_efficiency/c3_efficiency_eurosat_fgvc_seed42_i2cl_idefics3_20260327_020551.diagnostics.json

