# worker=main
# CUDA_VISIBLE_DEVICES=inherit
# command=/root/autodl-tmp/FGVC/.venv/bin/python3 /root/autodl-tmp/FGVC/main.py model=idefics3 dataset=general_custom method=i2cl evaluator=raw dataset.name=cub dataset.train_path=/root/autodl-tmp/FGVC/swap/paper/subsets/20260327_020551_c3_efficiency/seed_42/cub_fgvc/train_subset.json dataset.val_path=/root/autodl-tmp/FGVC/swap/paper/subsets/20260327_020551_c3_efficiency/seed_42/cub_fgvc/val_subset.json run.output_dir=/root/autodl-tmp/FGVC/swap/paper/outputs/20260327_020551_c3_efficiency run.run_name=c3_efficiency_cub_fgvc_seed42_i2cl_idefics3_20260327_020551 run.progress_bar=false run.save_predictions=false run.seed=42 method.params.progress_bar=false

Loading weights:   0%|          | 0/729 [00:00<?, ?it/s]Loading weights:   0%|          | 1/729 [00:00<01:33,  7.79it/s]Loading weights:   0%|          | 3/729 [00:00<01:13,  9.81it/s]Loading weights:   1%|          | 4/729 [00:01<04:46,  2.53it/s]Loading weights:  17%|█▋        | 126/729 [00:01<00:04, 135.01it/s]Loading weights:  23%|██▎       | 168/729 [00:01<00:04, 128.66it/s]Loading weights:  27%|██▋       | 199/729 [00:02<00:04, 116.89it/s]Loading weights:  31%|███       | 223/729 [00:02<00:04, 113.03it/s]Loading weights:  33%|███▎      | 242/729 [00:02<00:05, 90.69it/s] Loading weights:  35%|███▌      | 257/729 [00:02<00:04, 97.51it/s]Loading weights:  64%|██████▍   | 469/729 [00:02<00:00, 392.18it/s]Loading weights: 100%|██████████| 729/729 [00:02<00:00, 244.06it/s]
The following generation flags are not valid and may be ignored: ['temperature']. Set `TRANSFORMERS_VERBOSITY=info` for more details.
metrics:
  metric: raw_accuracy
  accuracy: 0.09
  correct: 9.0
  total: 100.0
  label_order:
  - American Crow
  - Baltimore Oriole
  - Bank Swallow
  - Bewick Wren
  - Black throated Sparrow
  - Cedar Waxwing
  - Chipping Sparrow
  - Chuck will Widow
  - Common Tern
  - Frigatebird
  - Golden winged Warbler
  - Herring Gull
  - Ivory Gull
  - Pied Kingfisher
  - Pileated Woodpecker
  - Purple Finch
  - Rock Wren
  - Scott Oriole
  - Summer Tanager
  - Western Meadowlark
  - 'Answer: A'
  - 'Answer: C'
  - 'Answer: D'
  - 'Answer: B'
  - D. Western Gull
  confusion_matrix:
    labels:
    - American Crow
    - Baltimore Oriole
    - Bank Swallow
    - Bewick Wren
    - Black throated Sparrow
    - Cedar Waxwing
    - Chipping Sparrow
    - Chuck will Widow
    - Common Tern
    - Frigatebird
    - Golden winged Warbler
    - Herring Gull
    - Ivory Gull
    - Pied Kingfisher
    - Pileated Woodpecker
    - Purple Finch
    - Rock Wren
    - Scott Oriole
    - Summer Tanager
    - Western Meadowlark
    - 'Answer: A'
    - 'Answer: C'
    - 'Answer: D'
    - 'Answer: B'
    - D. Western Gull
    matrix:
    - - 0
      - 0
      - 0
      - 0
      - 0
      - 0
      - 0
      - 0
      - 0
      - 0
      - 0
      - 0
      - 0
      - 0
      - 0
      - 0
      - 0
      - 0
      - 0
      - 0
      - 1
      - 2
      - 2
      - 0
      - 0
    - - 0
      - 1
      - 0
      - 0
      - 0
      - 0
      - 0
      - 0
      - 0
      - 0
      - 0
      - 0
      - 0
      - 0
      - 0
      - 0
      - 0
      - 0
      - 0
      - 0
      - 2
      - 2
      - 0
      - 0
      - 0
    - - 0
      - 0
      - 0
      - 0
      - 0
      - 0
      - 0
      - 0
      - 0
      - 0
      - 0
      - 0
      - 0
      - 0
      - 0
      - 0
      - 0
      - 0
      - 0
      - 0
      - 2
      - 1
      - 2
      - 0
      - 0
    - - 0
      - 0
      - 0
      - 1
      - 0
      - 0
      - 0
      - 0
      - 0
      - 0
      - 0
      - 0
      - 0
      - 0
      - 0
      - 0
      - 0
      - 0
      - 0
      - 0
      - 2
      - 0
      - 1
      - 1
      - 0
    - - 0
      - 0
      - 0
      - 0
      - 1
      - 0
      - 0
      - 0
      - 0
      - 0
      - 0
      - 0
      - 0
      - 0
      - 0
      - 0
      - 0
      - 0
      - 0
      - 0
      - 2
      - 1
      - 1
      - 0
      - 0
    - - 0
      - 0
      - 0
      - 0
      - 0
      - 1
      - 0
      - 0
      - 0
      - 0
      - 0
      - 0
      - 0
      - 0
      - 0
      - 0
      - 0
      - 0
      - 0
      - 0
      - 1
      - 0
      - 3
      - 0
      - 0
    - - 0
      - 0
      - 0
      - 0
      - 0
      - 0
      - 0
      - 0
      - 0
      - 0
      - 0
      - 0
      - 0
      - 0
      - 0
      - 0
      - 0
      - 0
      - 0
      - 0
      - 1
      - 0
      - 2
      - 2
      - 0
    - - 0
      - 0
      - 0
      - 0
      - 0
      - 0
      - 0
      - 0
      - 0
      - 0
      - 0
      - 0
      - 0
      - 0
      - 0
      - 0
      - 0
      - 0
      - 0
      - 0
      - 0
      - 4
      - 1
      - 0
      - 0
    - - 0
      - 0
      - 0
      - 0
      - 0
      - 0
      - 0
      - 0
      - 0
      - 0
      - 0
      - 0
      - 0
      - 0
      - 0
      - 0
      - 0
      - 0
      - 0
      - 0
      - 3
      - 2
      - 0
      - 0
      - 0
    - - 0
      - 0
      - 0
      - 0
      - 0
      - 0
      - 0
      - 0
      - 0
      - 3
      - 0
      - 0
      - 0
      - 0
      - 0
      - 0
      - 0
      - 0
      - 0
      - 0
      - 2
      - 0
      - 0
      - 0
      - 0
    - - 0
      - 0
      - 0
      - 0
      - 0
      - 0
      - 0
      - 0
      - 0
      - 0
      - 0
      - 0
      - 0
      - 0
      - 0
      - 0
      - 0
      - 0
      - 0
      - 0
      - 2
      - 3
      - 0
      - 0
      - 0
    - - 0
      - 0
      - 0
      - 0
      - 0
      - 0
      - 0
      - 0
      - 0
      - 0
      - 0
      - 0
      - 0
      - 0
      - 0
      - 0
      - 0
      - 0
      - 0
      - 0
      - 3
      - 1
      - 1
      - 0
      - 0
    - - 0
      - 0
      - 0
      - 0
      - 0
      - 0
      - 0
      - 0
      - 0
      - 0
      - 0
      - 0
      - 0
      - 0
      - 0
      - 0
      - 0
      - 0
      - 0
      - 0
      - 3
      - 1
      - 0
      - 0
      - 1
    - - 0
      - 0
      - 0
      - 0
      - 0
      - 0
      - 0
      - 0
      - 0
      - 0
      - 0
      - 0
      - 0
      - 1
      - 0
      - 0
      - 0
      - 0
      - 0
      - 0
      - 3
      - 0
      - 0
      - 1
      - 0
    - - 0
      - 0
      - 0
      - 0
      - 0
      - 0
      - 0
      - 0
      - 0
      - 0
      - 0
      - 0
      - 0
      - 0
      - 1
      - 0
      - 0
      - 0
      - 0
      - 0
      - 2
      - 0
      - 0
      - 2
      - 0
    - - 0
      - 0
      - 0
      - 0
      - 0
      - 0
      - 0
      - 0
      - 0
      - 0
      - 0
      - 0
      - 0
      - 0
      - 0
      - 0
      - 0
      - 0
      - 0
      - 0
      - 1
      - 4
      - 0
      - 0
      - 0
    - - 0
      - 0
      - 0
      - 0
      - 0
      - 0
      - 0
      - 0
      - 0
      - 0
      - 0
      - 0
      - 0
      - 0
      - 0
      - 0
      - 0
      - 0
      - 0
      - 0
      - 1
      - 1
      - 2
      - 1
      - 0
    - - 0
      - 0
      - 0
      - 0
      - 0
      - 0
      - 0
      - 0
      - 0
      - 0
      - 0
      - 0
      - 0
      - 0
      - 0
      - 0
      - 0
      - 0
      - 0
      - 0
      - 3
      - 1
      - 0
      - 1
      - 0
    - - 0
      - 0
      - 0
      - 0
      - 0
      - 0
      - 0
      - 0
      - 0
      - 0
      - 0
      - 0
      - 0
      - 0
      - 0
      - 0
      - 0
      - 0
      - 0
      - 0
      - 1
      - 2
      - 2
      - 0
      - 0
    - - 0
      - 0
      - 0
      - 0
      - 0
      - 0
      - 0
      - 0
      - 0
      - 0
      - 0
      - 0
      - 0
      - 0
      - 0
      - 0
      - 0
      - 0
      - 0
      - 0
      - 2
      - 1
      - 1
      - 1
      - 0
    - - 0
      - 0
      - 0
      - 0
      - 0
      - 0
      - 0
      - 0
      - 0
      - 0
      - 0
      - 0
      - 0
      - 0
      - 0
      - 0
      - 0
      - 0
      - 0
      - 0
      - 0
      - 0
      - 0
      - 0
      - 0
    - - 0
      - 0
      - 0
      - 0
      - 0
      - 0
      - 0
      - 0
      - 0
      - 0
      - 0
      - 0
      - 0
      - 0
      - 0
      - 0
      - 0
      - 0
      - 0
      - 0
      - 0
      - 0
      - 0
      - 0
      - 0
    - - 0
      - 0
      - 0
      - 0
      - 0
      - 0
      - 0
      - 0
      - 0
      - 0
      - 0
      - 0
      - 0
      - 0
      - 0
      - 0
      - 0
      - 0
      - 0
      - 0
      - 0
      - 0
      - 0
      - 0
      - 0
    - - 0
      - 0
      - 0
      - 0
      - 0
      - 0
      - 0
      - 0
      - 0
      - 0
      - 0
      - 0
      - 0
      - 0
      - 0
      - 0
      - 0
      - 0
      - 0
      - 0
      - 0
      - 0
      - 0
      - 0
      - 0
    - - 0
      - 0
      - 0
      - 0
      - 0
      - 0
      - 0
      - 0
      - 0
      - 0
      - 0
      - 0
      - 0
      - 0
      - 0
      - 0
      - 0
      - 0
      - 0
      - 0
      - 0
      - 0
      - 0
      - 0
      - 0
  per_class:
    American Crow:
      precision: 0.0
      recall: 0.0
      f1: 0.0
      support: 5.0
      predicted: 0.0
      true_positive: 0.0
      false_positive: 0.0
      false_negative: 5.0
    Baltimore Oriole:
      precision: 1.0
      recall: 0.2
      f1: 0.33333333333333337
      support: 5.0
      predicted: 1.0
      true_positive: 1.0
      false_positive: 0.0
      false_negative: 4.0
    Bank Swallow:
      precision: 0.0
      recall: 0.0
      f1: 0.0
      support: 5.0
      predicted: 0.0
      true_positive: 0.0
      false_positive: 0.0
      false_negative: 5.0
    Bewick Wren:
      precision: 1.0
      recall: 0.2
      f1: 0.33333333333333337
      support: 5.0
      predicted: 1.0
      true_positive: 1.0
      false_positive: 0.0
      false_negative: 4.0
    Black throated Sparrow:
      precision: 1.0
      recall: 0.2
      f1: 0.33333333333333337
      support: 5.0
      predicted: 1.0
      true_positive: 1.0
      false_positive: 0.0
      false_negative: 4.0
    Cedar Waxwing:
      precision: 1.0
      recall: 0.2
      f1: 0.33333333333333337
      support: 5.0
      predicted: 1.0
      true_positive: 1.0
      false_positive: 0.0
      false_negative: 4.0
    Chipping Sparrow:
      precision: 0.0
      recall: 0.0
      f1: 0.0
      support: 5.0
      predicted: 0.0
      true_positive: 0.0
      false_positive: 0.0
      false_negative: 5.0
    Chuck will Widow:
      precision: 0.0
      recall: 0.0
      f1: 0.0
      support: 5.0
      predicted: 0.0
      true_positive: 0.0
      false_positive: 0.0
      false_negative: 5.0
    Common Tern:
      precision: 0.0
      recall: 0.0
      f1: 0.0
      support: 5.0
      predicted: 0.0
      true_positive: 0.0
      false_positive: 0.0
      false_negative: 5.0
    Frigatebird:
      precision: 1.0
      recall: 0.6
      f1: 0.7499999999999999
      support: 5.0
      predicted: 3.0
      true_positive: 3.0
      false_positive: 0.0
      false_negative: 2.0
    Golden winged Warbler:
      precision: 0.0
      recall: 0.0
      f1: 0.0
      support: 5.0
      predicted: 0.0
      true_positive: 0.0
      false_positive: 0.0
      false_negative: 5.0
    Herring Gull:
      precision: 0.0
      recall: 0.0
      f1: 0.0
      support: 5.0
      predicted: 0.0
      true_positive: 0.0
      false_positive: 0.0
      false_negative: 5.0
    Ivory Gull:
      precision: 0.0
      recall: 0.0
      f1: 0.0
      support: 5.0
      predicted: 0.0
      true_positive: 0.0
      false_positive: 0.0
      false_negative: 5.0
    Pied Kingfisher:
      precision: 1.0
      recall: 0.2
      f1: 0.33333333333333337
      support: 5.0
      predicted: 1.0
      true_positive: 1.0
      false_positive: 0.0
      false_negative: 4.0
    Pileated Woodpecker:
      precision: 1.0
      recall: 0.2
      f1: 0.33333333333333337
      support: 5.0
      predicted: 1.0
      true_positive: 1.0
      false_positive: 0.0
      false_negative: 4.0
    Purple Finch:
      precision: 0.0
      recall: 0.0
      f1: 0.0
      support: 5.0
      predicted: 0.0
      true_positive: 0.0
      false_positive: 0.0
      false_negative: 5.0
    Rock Wren:
      precision: 0.0
      recall: 0.0
      f1: 0.0
      support: 5.0
      predicted: 0.0
      true_positive: 0.0
      false_positive: 0.0
      false_negative: 5.0
    Scott Oriole:
      precision: 0.0
      recall: 0.0
      f1: 0.0
      support: 5.0
      predicted: 0.0
      true_positive: 0.0
      false_positive: 0.0
      false_negative: 5.0
    Summer Tanager:
      precision: 0.0
      recall: 0.0
      f1: 0.0
      support: 5.0
      predicted: 0.0
      true_positive: 0.0
      false_positive: 0.0
      false_negative: 5.0
    Western Meadowlark:
      precision: 0.0
      recall: 0.0
      f1: 0.0
      support: 5.0
      predicted: 0.0
      true_positive: 0.0
      false_positive: 0.0
      false_negative: 5.0
    'Answer: A':
      precision: 0.0
      recall: 0.0
      f1: 0.0
      support: 0.0
      predicted: 37.0
      true_positive: 0.0
      false_positive: 37.0
      false_negative: 0.0
    'Answer: C':
      precision: 0.0
      recall: 0.0
      f1: 0.0
      support: 0.0
      predicted: 26.0
      true_positive: 0.0
      false_positive: 26.0
      false_negative: 0.0
    'Answer: D':
      precision: 0.0
      recall: 0.0
      f1: 0.0
      support: 0.0
      predicted: 18.0
      true_positive: 0.0
      false_positive: 18.0
      false_negative: 0.0
    'Answer: B':
      precision: 0.0
      recall: 0.0
      f1: 0.0
      support: 0.0
      predicted: 9.0
      true_positive: 0.0
      false_positive: 9.0
      false_negative: 0.0
    D. Western Gull:
      precision: 0.0
      recall: 0.0
      f1: 0.0
      support: 0.0
      predicted: 1.0
      true_positive: 0.0
      false_positive: 1.0
      false_negative: 0.0
  macro_precision: 0.28
  macro_recall: 0.07200000000000001
  macro_f1: 0.11
  balanced_accuracy: 0.07200000000000001
saved:
  metrics: /root/autodl-tmp/FGVC/swap/paper/outputs/20260327_020551_c3_efficiency/c3_efficiency_cub_fgvc_seed42_i2cl_idefics3_20260327_020551.metrics.json
  predictions: /root/autodl-tmp/FGVC/swap/paper/outputs/20260327_020551_c3_efficiency/c3_efficiency_cub_fgvc_seed42_i2cl_idefics3_20260327_020551.predictions.jsonl
  diagnostics: /root/autodl-tmp/FGVC/swap/paper/outputs/20260327_020551_c3_efficiency/c3_efficiency_cub_fgvc_seed42_i2cl_idefics3_20260327_020551.diagnostics.json

