# worker=main
# CUDA_VISIBLE_DEVICES=inherit
# command=/root/autodl-tmp/FGVC/.venv/bin/python3 /root/autodl-tmp/FGVC/main.py model=idefics3 dataset=general_custom method=stv evaluator=raw dataset.name=eurosat dataset.train_path=/root/autodl-tmp/FGVC/swap/paper/subsets/20260327_020551_c3_efficiency/seed_42/eurosat_fgvc/train_subset.json dataset.val_path=/root/autodl-tmp/FGVC/swap/paper/subsets/20260327_020551_c3_efficiency/seed_42/eurosat_fgvc/val_subset.json run.output_dir=/root/autodl-tmp/FGVC/swap/paper/outputs/20260327_020551_c3_efficiency run.run_name=c3_efficiency_eurosat_fgvc_seed42_stv_idefics3_20260327_020551 run.progress_bar=false run.save_predictions=false run.seed=42 method.params.progress_bar=false method.params.head_selection_mode=sensitivity method.params.cluster_selection_mode=rl

Loading weights:   0%|          | 0/729 [00:00<?, ?it/s]Loading weights:   0%|          | 1/729 [00:00<01:42,  7.12it/s]Loading weights:   0%|          | 3/729 [00:00<01:13,  9.84it/s]Loading weights:   1%|          | 5/729 [00:00<01:28,  8.15it/s]Loading weights:   1%|          | 6/729 [00:01<04:43,  2.55it/s]Loading weights:  24%|██▍       | 174/729 [00:02<00:05, 107.90it/s]Loading weights:  34%|███▍      | 250/729 [00:02<00:02, 161.90it/s]Loading weights:  39%|███▉      | 284/729 [00:02<00:03, 147.90it/s]Loading weights:  45%|████▌     | 331/729 [00:02<00:02, 182.85it/s]Loading weights:  84%|████████▍ | 611/729 [00:02<00:00, 537.30it/s]Loading weights: 100%|██████████| 729/729 [00:02<00:00, 247.87it/s]
The following generation flags are not valid and may be ignored: ['temperature']. Set `TRANSFORMERS_VERBOSITY=info` for more details.
metrics:
  metric: raw_accuracy
  accuracy: 0.42
  correct: 42.0
  total: 100.0
  label_order:
  - Annual Crop Land
  - Forest
  - Herbaceous Vegetation Land
  - Highway or Road
  - Industrial Buildings
  - Pasture Land
  - Permanent Crop Land
  - Residential Buildings
  - River
  - Sea or Lake
  - A
  confusion_matrix:
    labels:
    - Annual Crop Land
    - Forest
    - Herbaceous Vegetation Land
    - Highway or Road
    - Industrial Buildings
    - Pasture Land
    - Permanent Crop Land
    - Residential Buildings
    - River
    - Sea or Lake
    - A
    matrix:
    - - 4
      - 0
      - 1
      - 2
      - 1
      - 0
      - 1
      - 0
      - 0
      - 1
      - 0
    - - 0
      - 1
      - 3
      - 2
      - 0
      - 1
      - 1
      - 0
      - 1
      - 0
      - 1
    - - 1
      - 0
      - 3
      - 1
      - 0
      - 0
      - 0
      - 0
      - 2
      - 2
      - 1
    - - 0
      - 0
      - 0
      - 6
      - 0
      - 0
      - 0
      - 1
      - 0
      - 3
      - 0
    - - 0
      - 1
      - 1
      - 1
      - 4
      - 0
      - 1
      - 1
      - 0
      - 1
      - 0
    - - 2
      - 0
      - 1
      - 1
      - 0
      - 4
      - 0
      - 0
      - 0
      - 1
      - 1
    - - 0
      - 0
      - 0
      - 2
      - 0
      - 2
      - 3
      - 1
      - 0
      - 2
      - 0
    - - 2
      - 0
      - 0
      - 0
      - 0
      - 0
      - 0
      - 6
      - 0
      - 1
      - 1
    - - 0
      - 0
      - 1
      - 2
      - 0
      - 0
      - 0
      - 0
      - 5
      - 2
      - 0
    - - 1
      - 0
      - 1
      - 0
      - 0
      - 0
      - 0
      - 0
      - 0
      - 6
      - 2
    - - 0
      - 0
      - 0
      - 0
      - 0
      - 0
      - 0
      - 0
      - 0
      - 0
      - 0
  per_class:
    Annual Crop Land:
      precision: 0.4
      recall: 0.4
      f1: 0.4000000000000001
      support: 10.0
      predicted: 10.0
      true_positive: 4.0
      false_positive: 6.0
      false_negative: 6.0
    Forest:
      precision: 0.5
      recall: 0.1
      f1: 0.16666666666666669
      support: 10.0
      predicted: 2.0
      true_positive: 1.0
      false_positive: 1.0
      false_negative: 9.0
    Herbaceous Vegetation Land:
      precision: 0.2727272727272727
      recall: 0.3
      f1: 0.28571428571428564
      support: 10.0
      predicted: 11.0
      true_positive: 3.0
      false_positive: 8.0
      false_negative: 7.0
    Highway or Road:
      precision: 0.35294117647058826
      recall: 0.6
      f1: 0.4444444444444445
      support: 10.0
      predicted: 17.0
      true_positive: 6.0
      false_positive: 11.0
      false_negative: 4.0
    Industrial Buildings:
      precision: 0.8
      recall: 0.4
      f1: 0.5333333333333333
      support: 10.0
      predicted: 5.0
      true_positive: 4.0
      false_positive: 1.0
      false_negative: 6.0
    Pasture Land:
      precision: 0.5714285714285714
      recall: 0.4
      f1: 0.47058823529411764
      support: 10.0
      predicted: 7.0
      true_positive: 4.0
      false_positive: 3.0
      false_negative: 6.0
    Permanent Crop Land:
      precision: 0.5
      recall: 0.3
      f1: 0.37499999999999994
      support: 10.0
      predicted: 6.0
      true_positive: 3.0
      false_positive: 3.0
      false_negative: 7.0
    Residential Buildings:
      precision: 0.6666666666666666
      recall: 0.6
      f1: 0.631578947368421
      support: 10.0
      predicted: 9.0
      true_positive: 6.0
      false_positive: 3.0
      false_negative: 4.0
    River:
      precision: 0.625
      recall: 0.5
      f1: 0.5555555555555556
      support: 10.0
      predicted: 8.0
      true_positive: 5.0
      false_positive: 3.0
      false_negative: 5.0
    Sea or Lake:
      precision: 0.3157894736842105
      recall: 0.6
      f1: 0.41379310344827586
      support: 10.0
      predicted: 19.0
      true_positive: 6.0
      false_positive: 13.0
      false_negative: 4.0
    A:
      precision: 0.0
      recall: 0.0
      f1: 0.0
      support: 0.0
      predicted: 6.0
      true_positive: 0.0
      false_positive: 6.0
      false_negative: 0.0
  macro_precision: 0.45495937827066446
  macro_recall: 0.38181818181818183
  macro_f1: 0.38878859743864547
  balanced_accuracy: 0.38181818181818183
saved:
  metrics: /root/autodl-tmp/FGVC/swap/paper/outputs/20260327_020551_c3_efficiency/c3_efficiency_eurosat_fgvc_seed42_stv_idefics3_20260327_020551.metrics.json
  predictions: /root/autodl-tmp/FGVC/swap/paper/outputs/20260327_020551_c3_efficiency/c3_efficiency_eurosat_fgvc_seed42_stv_idefics3_20260327_020551.predictions.jsonl
  diagnostics: /root/autodl-tmp/FGVC/swap/paper/outputs/20260327_020551_c3_efficiency/c3_efficiency_eurosat_fgvc_seed42_stv_idefics3_20260327_020551.diagnostics.json

