# worker=main
# CUDA_VISIBLE_DEVICES=inherit
# command=/root/autodl-tmp/FGVC/.venv/bin/python3 /root/autodl-tmp/FGVC/main.py model=idefics3 dataset=general_custom method=rsev2 evaluator=pair dataset.name=sugarcrepe dataset.train_path=/root/autodl-tmp/FGVC/swap/paper/subsets/20260327_020551_c3_efficiency/seed_42/sugarcrepe/train_subset.jsonl dataset.val_path=/root/autodl-tmp/FGVC/swap/paper/subsets/20260327_020551_c3_efficiency/seed_42/sugarcrepe/val_subset.jsonl run.output_dir=/root/autodl-tmp/FGVC/swap/paper/outputs/20260327_020551_c3_efficiency run.run_name=c3_efficiency_sugarcrepe_seed42_rsev2_idefics3_20260327_020551 run.progress_bar=false run.save_predictions=false run.seed=42 method.params.progress_bar=false

Loading weights:   0%|          | 0/729 [00:00<?, ?it/s]Loading weights:   0%|          | 1/729 [00:00<01:38,  7.42it/s]Loading weights:   0%|          | 3/729 [00:00<01:17,  9.33it/s]Loading weights:   1%|          | 5/729 [00:00<01:04, 11.19it/s]Loading weights:   3%|▎         | 25/729 [00:00<00:22, 31.54it/s]Loading weights:  11%|█         | 78/729 [00:02<00:16, 40.50it/s]Loading weights:  30%|███       | 222/729 [00:02<00:03, 147.63it/s]Loading weights:  37%|███▋      | 269/729 [00:02<00:03, 143.66it/s]Loading weights:  42%|████▏     | 305/729 [00:02<00:02, 154.61it/s]Loading weights:  81%|████████  | 589/729 [00:02<00:00, 474.70it/s]Loading weights: 100%|██████████| 729/729 [00:02<00:00, 248.68it/s]
metrics:
  metric: pair_accuracy
  pair_accuracy: 0.5
  pair_correct: 10.0
  pair_total: 20.0
  raw_accuracy: 0.75
  label_order:
  - 'Yes'
  - 'No'
  confusion_matrix:
    labels:
    - 'Yes'
    - 'No'
    matrix:
    - - 18
      - 2
    - - 8
      - 12
  per_class:
    'Yes':
      precision: 0.6923076923076923
      recall: 0.9
      f1: 0.7826086956521738
      support: 20.0
      predicted: 26.0
      true_positive: 18.0
      false_positive: 8.0
      false_negative: 2.0
    'No':
      precision: 0.8571428571428571
      recall: 0.6
      f1: 0.7058823529411764
      support: 20.0
      predicted: 14.0
      true_positive: 12.0
      false_positive: 2.0
      false_negative: 8.0
  macro_precision: 0.7747252747252746
  macro_recall: 0.75
  macro_f1: 0.7442455242966751
  balanced_accuracy: 0.75
saved:
  metrics: /root/autodl-tmp/FGVC/swap/paper/outputs/20260327_020551_c3_efficiency/c3_efficiency_sugarcrepe_seed42_rsev2_idefics3_20260327_020551.metrics.json
  predictions: /root/autodl-tmp/FGVC/swap/paper/outputs/20260327_020551_c3_efficiency/c3_efficiency_sugarcrepe_seed42_rsev2_idefics3_20260327_020551.predictions.jsonl
  diagnostics: /root/autodl-tmp/FGVC/swap/paper/outputs/20260327_020551_c3_efficiency/c3_efficiency_sugarcrepe_seed42_rsev2_idefics3_20260327_020551.diagnostics.json

