# worker=main
# CUDA_VISIBLE_DEVICES=inherit
# command=/root/autodl-tmp/FGVC/.venv/bin/python3 /root/autodl-tmp/FGVC/main.py model=idefics3 dataset=general_custom method=rsev2 evaluator=raw dataset.name=vlguard dataset.train_path=/root/autodl-tmp/FGVC/swap/paper/subsets/20260327_020551_c3_efficiency/seed_42/vlguard/train_subset.json dataset.val_path=/root/autodl-tmp/FGVC/swap/paper/subsets/20260327_020551_c3_efficiency/seed_42/vlguard/val_subset.json run.output_dir=/root/autodl-tmp/FGVC/swap/paper/outputs/20260327_020551_c3_efficiency run.run_name=c3_efficiency_vlguard_seed42_rsev2_idefics3_20260327_020551 run.progress_bar=false run.save_predictions=false run.seed=42 method.params.progress_bar=false

Loading weights:   0%|          | 0/729 [00:00<?, ?it/s]Loading weights:   0%|          | 1/729 [00:00<01:44,  6.98it/s]Loading weights:   0%|          | 3/729 [00:00<01:15,  9.56it/s]Loading weights:   2%|▏         | 14/729 [00:00<00:17, 40.25it/s]Loading weights:   3%|▎         | 19/729 [00:01<01:04, 11.02it/s]Loading weights:  19%|█▉        | 138/729 [00:02<00:08, 69.87it/s]Loading weights:  35%|███▌      | 258/729 [00:02<00:03, 125.89it/s]Loading weights:  73%|███████▎  | 531/729 [00:02<00:00, 331.14it/s]Loading weights: 100%|██████████| 729/729 [00:03<00:00, 242.98it/s]
metrics:
  metric: raw_accuracy
  accuracy: 0.95
  correct: 38.0
  total: 40.0
  label_order:
  - unharmful
  - harmful
  confusion_matrix:
    labels:
    - unharmful
    - harmful
    matrix:
    - - 19
      - 1
    - - 1
      - 19
  per_class:
    unharmful:
      precision: 0.95
      recall: 0.95
      f1: 0.9500000000000001
      support: 20.0
      predicted: 20.0
      true_positive: 19.0
      false_positive: 1.0
      false_negative: 1.0
    harmful:
      precision: 0.95
      recall: 0.95
      f1: 0.9500000000000001
      support: 20.0
      predicted: 20.0
      true_positive: 19.0
      false_positive: 1.0
      false_negative: 1.0
  macro_precision: 0.95
  macro_recall: 0.95
  macro_f1: 0.9500000000000001
  balanced_accuracy: 0.95
saved:
  metrics: /root/autodl-tmp/FGVC/swap/paper/outputs/20260327_020551_c3_efficiency/c3_efficiency_vlguard_seed42_rsev2_idefics3_20260327_020551.metrics.json
  predictions: /root/autodl-tmp/FGVC/swap/paper/outputs/20260327_020551_c3_efficiency/c3_efficiency_vlguard_seed42_rsev2_idefics3_20260327_020551.predictions.jsonl
  diagnostics: /root/autodl-tmp/FGVC/swap/paper/outputs/20260327_020551_c3_efficiency/c3_efficiency_vlguard_seed42_rsev2_idefics3_20260327_020551.diagnostics.json

