# worker=main
# CUDA_VISIBLE_DEVICES=inherit
# command=/root/autodl-tmp/FGVC/.venv/bin/python3 /root/autodl-tmp/FGVC/main.py model=idefics3 dataset=general_custom method=i2cl evaluator=raw dataset.name=blink_semantic_correspondence dataset.train_path=/root/autodl-tmp/FGVC/swap/paper/subsets/20260327_020551_c3_efficiency/seed_42/blink_semantic_correspondence/train_subset.json dataset.val_path=/root/autodl-tmp/FGVC/swap/paper/subsets/20260327_020551_c3_efficiency/seed_42/blink_semantic_correspondence/val_subset.json run.output_dir=/root/autodl-tmp/FGVC/swap/paper/outputs/20260327_020551_c3_efficiency run.run_name=c3_efficiency_blink_semantic_correspondence_seed42_i2cl_idefics3_20260327_020551 run.progress_bar=false run.save_predictions=false run.seed=42 method.params.progress_bar=false

Loading weights:   0%|          | 0/729 [00:00<?, ?it/s]Loading weights:   0%|          | 1/729 [00:00<01:35,  7.59it/s]Loading weights:   0%|          | 3/729 [00:00<01:14,  9.71it/s]Loading weights:   1%|          | 8/729 [00:00<01:14,  9.63it/s]Loading weights:   2%|▏         | 12/729 [00:00<00:52, 13.69it/s]Loading weights:  12%|█▏        | 87/729 [00:01<00:04, 147.00it/s]Loading weights:  16%|█▌        | 115/729 [00:01<00:04, 129.57it/s]Loading weights:  19%|█▉        | 137/729 [00:02<00:13, 42.40it/s] Loading weights:  72%|███████▏  | 526/729 [00:02<00:00, 308.82it/s]Loading weights: 100%|██████████| 729/729 [00:02<00:00, 244.11it/s]
The following generation flags are not valid and may be ignored: ['temperature']. Set `TRANSFORMERS_VERBOSITY=info` for more details.
metrics:
  metric: raw_accuracy
  accuracy: 0.25
  correct: 5.0
  total: 20.0
  label_order:
  - (C)
  - (B)
  - (A)
  - (D)
  confusion_matrix:
    labels:
    - (C)
    - (B)
    - (A)
    - (D)
    matrix:
    - - 0
      - 0
      - 5
      - 0
    - - 0
      - 0
      - 5
      - 0
    - - 0
      - 0
      - 5
      - 0
    - - 0
      - 0
      - 5
      - 0
  per_class:
    (C):
      precision: 0.0
      recall: 0.0
      f1: 0.0
      support: 5.0
      predicted: 0.0
      true_positive: 0.0
      false_positive: 0.0
      false_negative: 5.0
    (B):
      precision: 0.0
      recall: 0.0
      f1: 0.0
      support: 5.0
      predicted: 0.0
      true_positive: 0.0
      false_positive: 0.0
      false_negative: 5.0
    (A):
      precision: 0.25
      recall: 1.0
      f1: 0.4
      support: 5.0
      predicted: 20.0
      true_positive: 5.0
      false_positive: 15.0
      false_negative: 0.0
    (D):
      precision: 0.0
      recall: 0.0
      f1: 0.0
      support: 5.0
      predicted: 0.0
      true_positive: 0.0
      false_positive: 0.0
      false_negative: 5.0
  macro_precision: 0.0625
  macro_recall: 0.25
  macro_f1: 0.1
  balanced_accuracy: 0.25
saved:
  metrics: /root/autodl-tmp/FGVC/swap/paper/outputs/20260327_020551_c3_efficiency/c3_efficiency_blink_semantic_correspondence_seed42_i2cl_idefics3_20260327_020551.metrics.json
  predictions: /root/autodl-tmp/FGVC/swap/paper/outputs/20260327_020551_c3_efficiency/c3_efficiency_blink_semantic_correspondence_seed42_i2cl_idefics3_20260327_020551.predictions.jsonl
  diagnostics: /root/autodl-tmp/FGVC/swap/paper/outputs/20260327_020551_c3_efficiency/c3_efficiency_blink_semantic_correspondence_seed42_i2cl_idefics3_20260327_020551.diagnostics.json

