# worker=main
# CUDA_VISIBLE_DEVICES=inherit
# command=/root/autodl-tmp/FGVC/.venv/bin/python3 /root/autodl-tmp/FGVC/main.py model=idefics3 dataset=general_custom method=stv evaluator=raw dataset.name=blink_semantic_correspondence dataset.train_path=/root/autodl-tmp/FGVC/swap/paper/subsets/20260327_020551_c3_efficiency/seed_42/blink_semantic_correspondence/train_subset.json dataset.val_path=/root/autodl-tmp/FGVC/swap/paper/subsets/20260327_020551_c3_efficiency/seed_42/blink_semantic_correspondence/val_subset.json run.output_dir=/root/autodl-tmp/FGVC/swap/paper/outputs/20260327_020551_c3_efficiency run.run_name=c3_efficiency_blink_semantic_correspondence_seed42_stv_idefics3_20260327_020551 run.progress_bar=false run.save_predictions=false run.seed=42 method.params.progress_bar=false method.params.head_selection_mode=sensitivity method.params.cluster_selection_mode=rl

Loading weights:   0%|          | 0/729 [00:00<?, ?it/s]Loading weights:   0%|          | 1/729 [00:00<01:38,  7.38it/s]Loading weights:   0%|          | 3/729 [00:00<01:16,  9.45it/s]Loading weights:   2%|▏         | 14/729 [00:00<00:17, 40.54it/s]Loading weights:   3%|▎         | 21/729 [00:00<00:22, 30.86it/s]Loading weights:   8%|▊         | 57/729 [00:00<00:07, 88.46it/s]Loading weights:   9%|▉         | 68/729 [00:01<00:09, 68.56it/s]Loading weights:  14%|█▍        | 104/729 [00:01<00:05, 118.56it/s]Loading weights:  16%|█▋        | 120/729 [00:01<00:05, 120.99it/s]Loading weights:  19%|█▊        | 135/729 [00:01<00:05, 103.39it/s]Loading weights:  22%|██▏       | 158/729 [00:01<00:04, 124.46it/s]Loading weights:  24%|██▎       | 173/729 [00:02<00:07, 73.16it/s] Loading weights:  30%|██▉       | 216/729 [00:02<00:04, 120.66it/s]Loading weights:  32%|███▏      | 234/729 [00:02<00:04, 115.13it/s]Loading weights:  34%|███▍      | 250/729 [00:02<00:04, 119.14it/s]Loading weights:  36%|███▋      | 265/729 [00:02<00:04, 95.40it/s] Loading weights:  68%|██████▊   | 497/729 [00:02<00:00, 484.99it/s]Loading weights: 100%|██████████| 729/729 [00:03<00:00, 237.27it/s]
The following generation flags are not valid and may be ignored: ['temperature']. Set `TRANSFORMERS_VERBOSITY=info` for more details.
metrics:
  metric: raw_accuracy
  accuracy: 0.25
  correct: 5.0
  total: 20.0
  label_order:
  - (C)
  - (B)
  - (A)
  - (D)
  confusion_matrix:
    labels:
    - (C)
    - (B)
    - (A)
    - (D)
    matrix:
    - - 0
      - 0
      - 4
      - 1
    - - 0
      - 0
      - 5
      - 0
    - - 0
      - 0
      - 5
      - 0
    - - 0
      - 0
      - 5
      - 0
  per_class:
    (C):
      precision: 0.0
      recall: 0.0
      f1: 0.0
      support: 5.0
      predicted: 0.0
      true_positive: 0.0
      false_positive: 0.0
      false_negative: 5.0
    (B):
      precision: 0.0
      recall: 0.0
      f1: 0.0
      support: 5.0
      predicted: 0.0
      true_positive: 0.0
      false_positive: 0.0
      false_negative: 5.0
    (A):
      precision: 0.2631578947368421
      recall: 1.0
      f1: 0.4166666666666667
      support: 5.0
      predicted: 19.0
      true_positive: 5.0
      false_positive: 14.0
      false_negative: 0.0
    (D):
      precision: 0.0
      recall: 0.0
      f1: 0.0
      support: 5.0
      predicted: 1.0
      true_positive: 0.0
      false_positive: 1.0
      false_negative: 5.0
  macro_precision: 0.06578947368421052
  macro_recall: 0.25
  macro_f1: 0.10416666666666667
  balanced_accuracy: 0.25
saved:
  metrics: /root/autodl-tmp/FGVC/swap/paper/outputs/20260327_020551_c3_efficiency/c3_efficiency_blink_semantic_correspondence_seed42_stv_idefics3_20260327_020551.metrics.json
  predictions: /root/autodl-tmp/FGVC/swap/paper/outputs/20260327_020551_c3_efficiency/c3_efficiency_blink_semantic_correspondence_seed42_stv_idefics3_20260327_020551.predictions.jsonl
  diagnostics: /root/autodl-tmp/FGVC/swap/paper/outputs/20260327_020551_c3_efficiency/c3_efficiency_blink_semantic_correspondence_seed42_stv_idefics3_20260327_020551.diagnostics.json

