# worker=main
# CUDA_VISIBLE_DEVICES=inherit
# command=/root/autodl-tmp/FGVC/.venv/bin/python3 /root/autodl-tmp/FGVC/main.py model=idefics3 dataset=general_custom method=sav evaluator=raw dataset.name=cub dataset.train_path=/root/autodl-tmp/FGVC/swap/paper/subsets/20260327_020551_c3_efficiency/seed_42/cub_fgvc/train_subset.json dataset.val_path=/root/autodl-tmp/FGVC/swap/paper/subsets/20260327_020551_c3_efficiency/seed_42/cub_fgvc/val_subset.json run.output_dir=/root/autodl-tmp/FGVC/swap/paper/outputs/20260327_020551_c3_efficiency run.run_name=c3_efficiency_cub_fgvc_seed42_sav_idefics3_20260327_020551 run.progress_bar=false run.save_predictions=false run.seed=42 method.params.progress_bar=false

Loading weights:   0%|          | 0/729 [00:00<?, ?it/s]Loading weights:   0%|          | 1/729 [00:00<01:31,  7.97it/s]Loading weights:   0%|          | 2/729 [00:01<11:45,  1.03it/s]Loading weights:  24%|██▍       | 177/729 [00:02<00:06, 80.80it/s]Loading weights:  71%|███████   | 515/729 [00:02<00:00, 283.66it/s]Loading weights: 100%|██████████| 729/729 [00:02<00:00, 252.38it/s]
metrics:
  metric: raw_accuracy
  accuracy: 0.97
  correct: 97.0
  total: 100.0
  label_order:
  - American Crow
  - Baltimore Oriole
  - Bank Swallow
  - Bewick Wren
  - Black throated Sparrow
  - Cedar Waxwing
  - Chipping Sparrow
  - Chuck will Widow
  - Common Tern
  - Frigatebird
  - Golden winged Warbler
  - Herring Gull
  - Ivory Gull
  - Pied Kingfisher
  - Pileated Woodpecker
  - Purple Finch
  - Rock Wren
  - Scott Oriole
  - Summer Tanager
  - Western Meadowlark
  confusion_matrix:
    labels:
    - American Crow
    - Baltimore Oriole
    - Bank Swallow
    - Bewick Wren
    - Black throated Sparrow
    - Cedar Waxwing
    - Chipping Sparrow
    - Chuck will Widow
    - Common Tern
    - Frigatebird
    - Golden winged Warbler
    - Herring Gull
    - Ivory Gull
    - Pied Kingfisher
    - Pileated Woodpecker
    - Purple Finch
    - Rock Wren
    - Scott Oriole
    - Summer Tanager
    - Western Meadowlark
    matrix:
    - - 5
      - 0
      - 0
      - 0
      - 0
      - 0
      - 0
      - 0
      - 0
      - 0
      - 0
      - 0
      - 0
      - 0
      - 0
      - 0
      - 0
      - 0
      - 0
      - 0
    - - 0
      - 5
      - 0
      - 0
      - 0
      - 0
      - 0
      - 0
      - 0
      - 0
      - 0
      - 0
      - 0
      - 0
      - 0
      - 0
      - 0
      - 0
      - 0
      - 0
    - - 0
      - 0
      - 5
      - 0
      - 0
      - 0
      - 0
      - 0
      - 0
      - 0
      - 0
      - 0
      - 0
      - 0
      - 0
      - 0
      - 0
      - 0
      - 0
      - 0
    - - 0
      - 0
      - 0
      - 5
      - 0
      - 0
      - 0
      - 0
      - 0
      - 0
      - 0
      - 0
      - 0
      - 0
      - 0
      - 0
      - 0
      - 0
      - 0
      - 0
    - - 0
      - 0
      - 0
      - 0
      - 5
      - 0
      - 0
      - 0
      - 0
      - 0
      - 0
      - 0
      - 0
      - 0
      - 0
      - 0
      - 0
      - 0
      - 0
      - 0
    - - 0
      - 0
      - 0
      - 0
      - 0
      - 5
      - 0
      - 0
      - 0
      - 0
      - 0
      - 0
      - 0
      - 0
      - 0
      - 0
      - 0
      - 0
      - 0
      - 0
    - - 0
      - 0
      - 0
      - 0
      - 0
      - 0
      - 5
      - 0
      - 0
      - 0
      - 0
      - 0
      - 0
      - 0
      - 0
      - 0
      - 0
      - 0
      - 0
      - 0
    - - 0
      - 0
      - 0
      - 0
      - 0
      - 0
      - 0
      - 5
      - 0
      - 0
      - 0
      - 0
      - 0
      - 0
      - 0
      - 0
      - 0
      - 0
      - 0
      - 0
    - - 0
      - 0
      - 0
      - 0
      - 0
      - 0
      - 0
      - 0
      - 5
      - 0
      - 0
      - 0
      - 0
      - 0
      - 0
      - 0
      - 0
      - 0
      - 0
      - 0
    - - 0
      - 0
      - 0
      - 0
      - 0
      - 0
      - 0
      - 0
      - 0
      - 5
      - 0
      - 0
      - 0
      - 0
      - 0
      - 0
      - 0
      - 0
      - 0
      - 0
    - - 0
      - 0
      - 0
      - 0
      - 0
      - 0
      - 0
      - 0
      - 0
      - 0
      - 5
      - 0
      - 0
      - 0
      - 0
      - 0
      - 0
      - 0
      - 0
      - 0
    - - 0
      - 0
      - 0
      - 0
      - 0
      - 0
      - 0
      - 0
      - 0
      - 0
      - 0
      - 5
      - 0
      - 0
      - 0
      - 0
      - 0
      - 0
      - 0
      - 0
    - - 0
      - 0
      - 0
      - 0
      - 0
      - 0
      - 0
      - 0
      - 0
      - 0
      - 0
      - 0
      - 5
      - 0
      - 0
      - 0
      - 0
      - 0
      - 0
      - 0
    - - 0
      - 0
      - 0
      - 0
      - 0
      - 0
      - 0
      - 0
      - 0
      - 0
      - 0
      - 0
      - 0
      - 5
      - 0
      - 0
      - 0
      - 0
      - 0
      - 0
    - - 0
      - 0
      - 0
      - 0
      - 0
      - 0
      - 0
      - 0
      - 0
      - 0
      - 0
      - 0
      - 0
      - 0
      - 5
      - 0
      - 0
      - 0
      - 0
      - 0
    - - 0
      - 0
      - 0
      - 0
      - 0
      - 0
      - 0
      - 0
      - 0
      - 0
      - 0
      - 0
      - 0
      - 0
      - 0
      - 5
      - 0
      - 0
      - 0
      - 0
    - - 0
      - 0
      - 0
      - 1
      - 1
      - 0
      - 0
      - 0
      - 0
      - 0
      - 0
      - 0
      - 0
      - 0
      - 0
      - 0
      - 3
      - 0
      - 0
      - 0
    - - 0
      - 0
      - 0
      - 0
      - 0
      - 0
      - 0
      - 0
      - 0
      - 0
      - 1
      - 0
      - 0
      - 0
      - 0
      - 0
      - 0
      - 4
      - 0
      - 0
    - - 0
      - 0
      - 0
      - 0
      - 0
      - 0
      - 0
      - 0
      - 0
      - 0
      - 0
      - 0
      - 0
      - 0
      - 0
      - 0
      - 0
      - 0
      - 5
      - 0
    - - 0
      - 0
      - 0
      - 0
      - 0
      - 0
      - 0
      - 0
      - 0
      - 0
      - 0
      - 0
      - 0
      - 0
      - 0
      - 0
      - 0
      - 0
      - 0
      - 5
  per_class:
    American Crow:
      precision: 1.0
      recall: 1.0
      f1: 1.0
      support: 5.0
      predicted: 5.0
      true_positive: 5.0
      false_positive: 0.0
      false_negative: 0.0
    Baltimore Oriole:
      precision: 1.0
      recall: 1.0
      f1: 1.0
      support: 5.0
      predicted: 5.0
      true_positive: 5.0
      false_positive: 0.0
      false_negative: 0.0
    Bank Swallow:
      precision: 1.0
      recall: 1.0
      f1: 1.0
      support: 5.0
      predicted: 5.0
      true_positive: 5.0
      false_positive: 0.0
      false_negative: 0.0
    Bewick Wren:
      precision: 0.8333333333333334
      recall: 1.0
      f1: 0.9090909090909091
      support: 5.0
      predicted: 6.0
      true_positive: 5.0
      false_positive: 1.0
      false_negative: 0.0
    Black throated Sparrow:
      precision: 0.8333333333333334
      recall: 1.0
      f1: 0.9090909090909091
      support: 5.0
      predicted: 6.0
      true_positive: 5.0
      false_positive: 1.0
      false_negative: 0.0
    Cedar Waxwing:
      precision: 1.0
      recall: 1.0
      f1: 1.0
      support: 5.0
      predicted: 5.0
      true_positive: 5.0
      false_positive: 0.0
      false_negative: 0.0
    Chipping Sparrow:
      precision: 1.0
      recall: 1.0
      f1: 1.0
      support: 5.0
      predicted: 5.0
      true_positive: 5.0
      false_positive: 0.0
      false_negative: 0.0
    Chuck will Widow:
      precision: 1.0
      recall: 1.0
      f1: 1.0
      support: 5.0
      predicted: 5.0
      true_positive: 5.0
      false_positive: 0.0
      false_negative: 0.0
    Common Tern:
      precision: 1.0
      recall: 1.0
      f1: 1.0
      support: 5.0
      predicted: 5.0
      true_positive: 5.0
      false_positive: 0.0
      false_negative: 0.0
    Frigatebird:
      precision: 1.0
      recall: 1.0
      f1: 1.0
      support: 5.0
      predicted: 5.0
      true_positive: 5.0
      false_positive: 0.0
      false_negative: 0.0
    Golden winged Warbler:
      precision: 0.8333333333333334
      recall: 1.0
      f1: 0.9090909090909091
      support: 5.0
      predicted: 6.0
      true_positive: 5.0
      false_positive: 1.0
      false_negative: 0.0
    Herring Gull:
      precision: 1.0
      recall: 1.0
      f1: 1.0
      support: 5.0
      predicted: 5.0
      true_positive: 5.0
      false_positive: 0.0
      false_negative: 0.0
    Ivory Gull:
      precision: 1.0
      recall: 1.0
      f1: 1.0
      support: 5.0
      predicted: 5.0
      true_positive: 5.0
      false_positive: 0.0
      false_negative: 0.0
    Pied Kingfisher:
      precision: 1.0
      recall: 1.0
      f1: 1.0
      support: 5.0
      predicted: 5.0
      true_positive: 5.0
      false_positive: 0.0
      false_negative: 0.0
    Pileated Woodpecker:
      precision: 1.0
      recall: 1.0
      f1: 1.0
      support: 5.0
      predicted: 5.0
      true_positive: 5.0
      false_positive: 0.0
      false_negative: 0.0
    Purple Finch:
      precision: 1.0
      recall: 1.0
      f1: 1.0
      support: 5.0
      predicted: 5.0
      true_positive: 5.0
      false_positive: 0.0
      false_negative: 0.0
    Rock Wren:
      precision: 1.0
      recall: 0.6
      f1: 0.7499999999999999
      support: 5.0
      predicted: 3.0
      true_positive: 3.0
      false_positive: 0.0
      false_negative: 2.0
    Scott Oriole:
      precision: 1.0
      recall: 0.8
      f1: 0.888888888888889
      support: 5.0
      predicted: 4.0
      true_positive: 4.0
      false_positive: 0.0
      false_negative: 1.0
    Summer Tanager:
      precision: 1.0
      recall: 1.0
      f1: 1.0
      support: 5.0
      predicted: 5.0
      true_positive: 5.0
      false_positive: 0.0
      false_negative: 0.0
    Western Meadowlark:
      precision: 1.0
      recall: 1.0
      f1: 1.0
      support: 5.0
      predicted: 5.0
      true_positive: 5.0
      false_positive: 0.0
      false_negative: 0.0
  macro_precision: 0.975
  macro_recall: 0.97
  macro_f1: 0.9683080808080808
  balanced_accuracy: 0.97
saved:
  metrics: /root/autodl-tmp/FGVC/swap/paper/outputs/20260327_020551_c3_efficiency/c3_efficiency_cub_fgvc_seed42_sav_idefics3_20260327_020551.metrics.json
  predictions: /root/autodl-tmp/FGVC/swap/paper/outputs/20260327_020551_c3_efficiency/c3_efficiency_cub_fgvc_seed42_sav_idefics3_20260327_020551.predictions.jsonl
  diagnostics: /root/autodl-tmp/FGVC/swap/paper/outputs/20260327_020551_c3_efficiency/c3_efficiency_cub_fgvc_seed42_sav_idefics3_20260327_020551.diagnostics.json

